[0.076s] Invoking command in '/home/kaku0608/ros2_ws/build/my_robot_bringup': CMAKE_PREFIX_PATH=/home/kaku0608/ros2_ws/install/my_robot_description:/home/kaku0608/ros2_ws/install/my_robot_bringup:/home/kaku0608/ros2_t/install/my_robot_bringup:/home/kaku0608/ros2_t/install/my_cpp_pkg:/home/kaku0608/ros2_t/install/my_robot_interfaces:/home/kaku0608/ros2_t/install/turtle_py:/home/kaku0608/ros2_t/install/turtle:/home/kaku0608/ros2_t/install/my_py_pkg:/opt/ros/humble /usr/bin/cmake --build /home/kaku0608/ros2_ws/build/my_robot_bringup -- -j3 -l3
[0.102s] -- Found ament_cmake: 1.3.8 (/opt/ros/humble/share/ament_cmake/cmake)
[0.219s] -- Override CMake install command with custom implementation using symlinks instead of copying resources
[0.287s] -- Configuring done
[0.290s] -- Generating done
[0.291s] -- Build files have been written to: /home/kaku0608/ros2_ws/build/my_robot_bringup
[0.316s] Invoked command in '/home/kaku0608/ros2_ws/build/my_robot_bringup' returned '0': CMAKE_PREFIX_PATH=/home/kaku0608/ros2_ws/install/my_robot_description:/home/kaku0608/ros2_ws/install/my_robot_bringup:/home/kaku0608/ros2_t/install/my_robot_bringup:/home/kaku0608/ros2_t/install/my_cpp_pkg:/home/kaku0608/ros2_t/install/my_robot_interfaces:/home/kaku0608/ros2_t/install/turtle_py:/home/kaku0608/ros2_t/install/turtle:/home/kaku0608/ros2_t/install/my_py_pkg:/opt/ros/humble /usr/bin/cmake --build /home/kaku0608/ros2_ws/build/my_robot_bringup -- -j3 -l3
[0.344s] Invoking command in '/home/kaku0608/ros2_ws/build/my_robot_bringup': CMAKE_PREFIX_PATH=/home/kaku0608/ros2_ws/install/my_robot_description:/home/kaku0608/ros2_ws/install/my_robot_bringup:/home/kaku0608/ros2_t/install/my_robot_bringup:/home/kaku0608/ros2_t/install/my_cpp_pkg:/home/kaku0608/ros2_t/install/my_robot_interfaces:/home/kaku0608/ros2_t/install/turtle_py:/home/kaku0608/ros2_t/install/turtle:/home/kaku0608/ros2_t/install/my_py_pkg:/opt/ros/humble /usr/bin/cmake --install /home/kaku0608/ros2_ws/build/my_robot_bringup
[0.352s] -- Install configuration: ""
[0.353s] -- Execute custom install script
[0.353s] -- Up-to-date symlink: /home/kaku0608/ros2_ws/install/my_robot_bringup/share/my_robot_bringup//launch/my_robot_gazebo.launch.xml
[0.353s] -- Symlinking: /home/kaku0608/ros2_ws/install/my_robot_bringup/share/my_robot_bringup//rviz/urdf_config.rviz
[0.364s] -- Up-to-date symlink: /home/kaku0608/ros2_ws/install/my_robot_bringup/share/ament_index/resource_index/package_run_dependencies/my_robot_bringup
[0.364s] -- Up-to-date symlink: /home/kaku0608/ros2_ws/install/my_robot_bringup/share/ament_index/resource_index/parent_prefix_path/my_robot_bringup
[0.364s] -- Up-to-date symlink: /home/kaku0608/ros2_ws/install/my_robot_bringup/share/my_robot_bringup/environment/ament_prefix_path.sh
[0.364s] -- Up-to-date symlink: /home/kaku0608/ros2_ws/install/my_robot_bringup/share/my_robot_bringup/environment/ament_prefix_path.dsv
[0.364s] -- Up-to-date symlink: /home/kaku0608/ros2_ws/install/my_robot_bringup/share/my_robot_bringup/environment/path.sh
[0.365s] -- Up-to-date symlink: /home/kaku0608/ros2_ws/install/my_robot_bringup/share/my_robot_bringup/environment/path.dsv
[0.365s] -- Up-to-date symlink: /home/kaku0608/ros2_ws/install/my_robot_bringup/share/my_robot_bringup/local_setup.bash
[0.365s] -- Up-to-date symlink: /home/kaku0608/ros2_ws/install/my_robot_bringup/share/my_robot_bringup/local_setup.sh
[0.365s] -- Up-to-date symlink: /home/kaku0608/ros2_ws/install/my_robot_bringup/share/my_robot_bringup/local_setup.zsh
[0.365s] -- Up-to-date symlink: /home/kaku0608/ros2_ws/install/my_robot_bringup/share/my_robot_bringup/local_setup.dsv
[0.366s] -- Symlinking: /home/kaku0608/ros2_ws/install/my_robot_bringup/share/my_robot_bringup/package.dsv
[0.375s] -- Up-to-date symlink: /home/kaku0608/ros2_ws/install/my_robot_bringup/share/ament_index/resource_index/packages/my_robot_bringup
[0.375s] -- Up-to-date symlink: /home/kaku0608/ros2_ws/install/my_robot_bringup/share/my_robot_bringup/cmake/my_robot_bringupConfig.cmake
[0.375s] -- Up-to-date symlink: /home/kaku0608/ros2_ws/install/my_robot_bringup/share/my_robot_bringup/cmake/my_robot_bringupConfig-version.cmake
[0.375s] -- Up-to-date symlink: /home/kaku0608/ros2_ws/install/my_robot_bringup/share/my_robot_bringup/package.xml
[0.377s] Invoked command in '/home/kaku0608/ros2_ws/build/my_robot_bringup' returned '0': CMAKE_PREFIX_PATH=/home/kaku0608/ros2_ws/install/my_robot_description:/home/kaku0608/ros2_ws/install/my_robot_bringup:/home/kaku0608/ros2_t/install/my_robot_bringup:/home/kaku0608/ros2_t/install/my_cpp_pkg:/home/kaku0608/ros2_t/install/my_robot_interfaces:/home/kaku0608/ros2_t/install/turtle_py:/home/kaku0608/ros2_t/install/turtle:/home/kaku0608/ros2_t/install/my_py_pkg:/opt/ros/humble /usr/bin/cmake --install /home/kaku0608/ros2_ws/build/my_robot_bringup
