[0.089s] Invoking command in '/home/kaku0608/ros2_ws/build/my_robot_description': CMAKE_PREFIX_PATH=${CMAKE_PREFIX_PATH}:/home/kaku0608/ros2_t/install/turtle_py:/home/kaku0608/ros2_t/install/turtle:/home/kaku0608/ros2_t/install/my_py_pkg:/opt/ros/humble /usr/bin/cmake --build /home/kaku0608/ros2_ws/build/my_robot_description -- -j3 -l3
[0.142s] Invoked command in '/home/kaku0608/ros2_ws/build/my_robot_description' returned '0': CMAKE_PREFIX_PATH=${CMAKE_PREFIX_PATH}:/home/kaku0608/ros2_t/install/turtle_py:/home/kaku0608/ros2_t/install/turtle:/home/kaku0608/ros2_t/install/my_py_pkg:/opt/ros/humble /usr/bin/cmake --build /home/kaku0608/ros2_ws/build/my_robot_description -- -j3 -l3
[0.175s] Invoking command in '/home/kaku0608/ros2_ws/build/my_robot_description': CMAKE_PREFIX_PATH=${CMAKE_PREFIX_PATH}:/home/kaku0608/ros2_t/install/turtle_py:/home/kaku0608/ros2_t/install/turtle:/home/kaku0608/ros2_t/install/my_py_pkg:/opt/ros/humble /usr/bin/cmake --install /home/kaku0608/ros2_ws/build/my_robot_description
[0.182s] -- Install configuration: ""
[0.182s] -- Up-to-date: /home/kaku0608/ros2_ws/install/my_robot_description/share/my_robot_description//urdf
[0.183s] -- Up-to-date: /home/kaku0608/ros2_ws/install/my_robot_description/share/my_robot_description//urdf/my_robot.urdf
[0.183s] -- Up-to-date: /home/kaku0608/ros2_ws/install/my_robot_description/share/my_robot_description//launch
[0.183s] -- Installing: /home/kaku0608/ros2_ws/install/my_robot_description/share/my_robot_description//launch/display.launch.py
[0.183s] -- Up-to-date: /home/kaku0608/ros2_ws/install/my_robot_description/share/my_robot_description//launch/display.launch.xml
[0.183s] -- Up-to-date: /home/kaku0608/ros2_ws/install/my_robot_description/share/ament_index/resource_index/package_run_dependencies/my_robot_description
[0.183s] -- Up-to-date: /home/kaku0608/ros2_ws/install/my_robot_description/share/ament_index/resource_index/parent_prefix_path/my_robot_description
[0.183s] -- Up-to-date: /home/kaku0608/ros2_ws/install/my_robot_description/share/my_robot_description/environment/ament_prefix_path.sh
[0.183s] -- Up-to-date: /home/kaku0608/ros2_ws/install/my_robot_description/share/my_robot_description/environment/ament_prefix_path.dsv
[0.183s] -- Up-to-date: /home/kaku0608/ros2_ws/install/my_robot_description/share/my_robot_description/environment/path.sh
[0.183s] -- Up-to-date: /home/kaku0608/ros2_ws/install/my_robot_description/share/my_robot_description/environment/path.dsv
[0.183s] -- Up-to-date: /home/kaku0608/ros2_ws/install/my_robot_description/share/my_robot_description/local_setup.bash
[0.183s] -- Up-to-date: /home/kaku0608/ros2_ws/install/my_robot_description/share/my_robot_description/local_setup.sh
[0.183s] -- Up-to-date: /home/kaku0608/ros2_ws/install/my_robot_description/share/my_robot_description/local_setup.zsh
[0.183s] -- Up-to-date: /home/kaku0608/ros2_ws/install/my_robot_description/share/my_robot_description/local_setup.dsv
[0.183s] -- Installing: /home/kaku0608/ros2_ws/install/my_robot_description/share/my_robot_description/package.dsv
[0.184s] -- Up-to-date: /home/kaku0608/ros2_ws/install/my_robot_description/share/ament_index/resource_index/packages/my_robot_description
[0.184s] -- Up-to-date: /home/kaku0608/ros2_ws/install/my_robot_description/share/my_robot_description/cmake/my_robot_descriptionConfig.cmake
[0.184s] -- Up-to-date: /home/kaku0608/ros2_ws/install/my_robot_description/share/my_robot_description/cmake/my_robot_descriptionConfig-version.cmake
[0.184s] -- Up-to-date: /home/kaku0608/ros2_ws/install/my_robot_description/share/my_robot_description/package.xml
[0.189s] Invoked command in '/home/kaku0608/ros2_ws/build/my_robot_description' returned '0': CMAKE_PREFIX_PATH=${CMAKE_PREFIX_PATH}:/home/kaku0608/ros2_t/install/turtle_py:/home/kaku0608/ros2_t/install/turtle:/home/kaku0608/ros2_t/install/my_py_pkg:/opt/ros/humble /usr/bin/cmake --install /home/kaku0608/ros2_ws/build/my_robot_description
