[0.809s] DEBUG:colcon:Command line arguments: ['/usr/bin/colcon', 'build', '--symlink-install']
[0.809s] DEBUG:colcon:Parsed command line arguments: Namespace(log_base=None, log_level=None, verb_name='build', build_base='build', install_base='install', merge_install=False, symlink_install=True, test_result_base=None, continue_on_error=False, executor='parallel', parallel_workers=3, event_handlers=None, ignore_user_meta=False, metas=['./colcon.meta'], base_paths=['.'], packages_ignore=None, packages_ignore_regex=None, paths=None, packages_up_to=None, packages_up_to_regex=None, packages_above=None, packages_above_and_dependencies=None, packages_above_depth=None, packages_select_by_dep=None, packages_skip_by_dep=None, packages_skip_up_to=None, packages_select_build_failed=False, packages_skip_build_finished=False, packages_select_test_failures=False, packages_skip_test_passed=False, packages_select=None, packages_skip=None, packages_select_regex=None, packages_skip_regex=None, packages_start=None, packages_end=None, allow_overriding=[], cmake_args=None, cmake_target=None, cmake_target_skip_unavailable=False, cmake_clean_cache=False, cmake_clean_first=False, cmake_force_configure=False, ament_cmake_args=None, catkin_cmake_args=None, catkin_skip_building_tests=False, verb_parser=<colcon_defaults.argument_parser.defaults.DefaultArgumentsDecorator object at 0x7108d3a79150>, verb_extension=<colcon_core.verb.build.BuildVerb object at 0x7108d3a79690>, main=<bound method BuildVerb.main of <colcon_core.verb.build.BuildVerb object at 0x7108d3a79690>>)
[0.843s] Level 1:colcon.colcon_core.package_discovery:discover_packages(colcon_meta) check parameters
[0.844s] Level 1:colcon.colcon_core.package_discovery:discover_packages(recursive) check parameters
[0.844s] Level 1:colcon.colcon_core.package_discovery:discover_packages(ignore) check parameters
[0.844s] Level 1:colcon.colcon_core.package_discovery:discover_packages(path) check parameters
[0.844s] Level 1:colcon.colcon_core.package_discovery:discover_packages(colcon_meta) discover
[0.844s] Level 1:colcon.colcon_core.package_discovery:discover_packages(recursive) discover
[0.844s] INFO:colcon.colcon_core.package_discovery:Crawling recursively for packages in '/home/kaku0608/ros2_ws'
[0.844s] Level 1:colcon.colcon_core.package_identification:_identify(.) by extensions ['ignore', 'ignore_ament_install']
[0.844s] Level 1:colcon.colcon_core.package_identification:_identify(.) by extension 'ignore'
[0.844s] Level 1:colcon.colcon_core.package_identification:_identify(.) by extension 'ignore_ament_install'
[0.844s] Level 1:colcon.colcon_core.package_identification:_identify(.) by extensions ['colcon_pkg']
[0.844s] Level 1:colcon.colcon_core.package_identification:_identify(.) by extension 'colcon_pkg'
[0.844s] Level 1:colcon.colcon_core.package_identification:_identify(.) by extensions ['colcon_meta']
[0.844s] Level 1:colcon.colcon_core.package_identification:_identify(.) by extension 'colcon_meta'
[0.844s] Level 1:colcon.colcon_core.package_identification:_identify(.) by extensions ['ros']
[0.844s] Level 1:colcon.colcon_core.package_identification:_identify(.) by extension 'ros'
[0.853s] Level 1:colcon.colcon_core.package_identification:_identify(.) by extensions ['cmake', 'python']
[0.853s] Level 1:colcon.colcon_core.package_identification:_identify(.) by extension 'cmake'
[0.853s] Level 1:colcon.colcon_core.package_identification:_identify(.) by extension 'python'
[0.853s] Level 1:colcon.colcon_core.package_identification:_identify(.) by extensions ['python_setup_py']
[0.853s] Level 1:colcon.colcon_core.package_identification:_identify(.) by extension 'python_setup_py'
[0.853s] Level 1:colcon.colcon_core.package_identification:_identify(build) by extensions ['ignore', 'ignore_ament_install']
[0.853s] Level 1:colcon.colcon_core.package_identification:_identify(build) by extension 'ignore'
[0.853s] Level 1:colcon.colcon_core.package_identification:_identify(build) ignored
[0.853s] Level 1:colcon.colcon_core.package_identification:_identify(install) by extensions ['ignore', 'ignore_ament_install']
[0.853s] Level 1:colcon.colcon_core.package_identification:_identify(install) by extension 'ignore'
[0.854s] Level 1:colcon.colcon_core.package_identification:_identify(install) ignored
[0.854s] Level 1:colcon.colcon_core.package_identification:_identify(log) by extensions ['ignore', 'ignore_ament_install']
[0.854s] Level 1:colcon.colcon_core.package_identification:_identify(log) by extension 'ignore'
[0.854s] Level 1:colcon.colcon_core.package_identification:_identify(log) ignored
[0.854s] Level 1:colcon.colcon_core.package_identification:_identify(src) by extensions ['ignore', 'ignore_ament_install']
[0.854s] Level 1:colcon.colcon_core.package_identification:_identify(src) by extension 'ignore'
[0.854s] Level 1:colcon.colcon_core.package_identification:_identify(src) by extension 'ignore_ament_install'
[0.854s] Level 1:colcon.colcon_core.package_identification:_identify(src) by extensions ['colcon_pkg']
[0.854s] Level 1:colcon.colcon_core.package_identification:_identify(src) by extension 'colcon_pkg'
[0.854s] Level 1:colcon.colcon_core.package_identification:_identify(src) by extensions ['colcon_meta']
[0.854s] Level 1:colcon.colcon_core.package_identification:_identify(src) by extension 'colcon_meta'
[0.854s] Level 1:colcon.colcon_core.package_identification:_identify(src) by extensions ['ros']
[0.854s] Level 1:colcon.colcon_core.package_identification:_identify(src) by extension 'ros'
[0.854s] Level 1:colcon.colcon_core.package_identification:_identify(src) by extensions ['cmake', 'python']
[0.854s] Level 1:colcon.colcon_core.package_identification:_identify(src) by extension 'cmake'
[0.854s] Level 1:colcon.colcon_core.package_identification:_identify(src) by extension 'python'
[0.854s] Level 1:colcon.colcon_core.package_identification:_identify(src) by extensions ['python_setup_py']
[0.854s] Level 1:colcon.colcon_core.package_identification:_identify(src) by extension 'python_setup_py'
[0.854s] Level 1:colcon.colcon_core.package_identification:_identify(src/my_robot_bringup) by extensions ['ignore', 'ignore_ament_install']
[0.854s] Level 1:colcon.colcon_core.package_identification:_identify(src/my_robot_bringup) by extension 'ignore'
[0.854s] Level 1:colcon.colcon_core.package_identification:_identify(src/my_robot_bringup) by extension 'ignore_ament_install'
[0.854s] Level 1:colcon.colcon_core.package_identification:_identify(src/my_robot_bringup) by extensions ['colcon_pkg']
[0.854s] Level 1:colcon.colcon_core.package_identification:_identify(src/my_robot_bringup) by extension 'colcon_pkg'
[0.854s] Level 1:colcon.colcon_core.package_identification:_identify(src/my_robot_bringup) by extensions ['colcon_meta']
[0.854s] Level 1:colcon.colcon_core.package_identification:_identify(src/my_robot_bringup) by extension 'colcon_meta'
[0.854s] Level 1:colcon.colcon_core.package_identification:_identify(src/my_robot_bringup) by extensions ['ros']
[0.854s] Level 1:colcon.colcon_core.package_identification:_identify(src/my_robot_bringup) by extension 'ros'
[0.856s] DEBUG:colcon.colcon_core.package_identification:Package 'src/my_robot_bringup' with type 'ros.ament_cmake' and name 'my_robot_bringup'
[0.857s] Level 1:colcon.colcon_core.package_identification:_identify(src/my_robot_description) by extensions ['ignore', 'ignore_ament_install']
[0.857s] Level 1:colcon.colcon_core.package_identification:_identify(src/my_robot_description) by extension 'ignore'
[0.857s] Level 1:colcon.colcon_core.package_identification:_identify(src/my_robot_description) by extension 'ignore_ament_install'
[0.857s] Level 1:colcon.colcon_core.package_identification:_identify(src/my_robot_description) by extensions ['colcon_pkg']
[0.857s] Level 1:colcon.colcon_core.package_identification:_identify(src/my_robot_description) by extension 'colcon_pkg'
[0.857s] Level 1:colcon.colcon_core.package_identification:_identify(src/my_robot_description) by extensions ['colcon_meta']
[0.857s] Level 1:colcon.colcon_core.package_identification:_identify(src/my_robot_description) by extension 'colcon_meta'
[0.857s] Level 1:colcon.colcon_core.package_identification:_identify(src/my_robot_description) by extensions ['ros']
[0.857s] Level 1:colcon.colcon_core.package_identification:_identify(src/my_robot_description) by extension 'ros'
[0.857s] DEBUG:colcon.colcon_core.package_identification:Package 'src/my_robot_description' with type 'ros.ament_cmake' and name 'my_robot_description'
[0.857s] Level 1:colcon.colcon_core.package_discovery:discover_packages(recursive) using defaults
[0.857s] Level 1:colcon.colcon_core.package_discovery:discover_packages(ignore) discover
[0.858s] Level 1:colcon.colcon_core.package_discovery:discover_packages(ignore) using defaults
[0.858s] Level 1:colcon.colcon_core.package_discovery:discover_packages(path) discover
[0.858s] Level 1:colcon.colcon_core.package_discovery:discover_packages(path) using defaults
[0.925s] Level 1:colcon.colcon_core.package_discovery:discover_packages(prefix_path) check parameters
[0.925s] Level 1:colcon.colcon_core.package_discovery:discover_packages(prefix_path) discover
[0.946s] DEBUG:colcon.colcon_installed_package_information.package_discovery:Found 2 installed packages in /home/kaku0608/ros2_ws/install
[0.957s] DEBUG:colcon.colcon_installed_package_information.package_discovery:Found 6 installed packages in /home/kaku0608/ros2_t/install
[0.968s] DEBUG:colcon.colcon_installed_package_information.package_discovery:Found 328 installed packages in /opt/ros/humble
[0.969s] Level 1:colcon.colcon_core.package_discovery:discover_packages(prefix_path) using defaults
[1.052s] Level 5:colcon.colcon_core.verb:set package 'my_robot_description' build argument 'cmake_args' from command line to 'None'
[1.052s] Level 5:colcon.colcon_core.verb:set package 'my_robot_description' build argument 'cmake_target' from command line to 'None'
[1.052s] Level 5:colcon.colcon_core.verb:set package 'my_robot_description' build argument 'cmake_target_skip_unavailable' from command line to 'False'
[1.052s] Level 5:colcon.colcon_core.verb:set package 'my_robot_description' build argument 'cmake_clean_cache' from command line to 'False'
[1.052s] Level 5:colcon.colcon_core.verb:set package 'my_robot_description' build argument 'cmake_clean_first' from command line to 'False'
[1.052s] Level 5:colcon.colcon_core.verb:set package 'my_robot_description' build argument 'cmake_force_configure' from command line to 'False'
[1.052s] Level 5:colcon.colcon_core.verb:set package 'my_robot_description' build argument 'ament_cmake_args' from command line to 'None'
[1.052s] Level 5:colcon.colcon_core.verb:set package 'my_robot_description' build argument 'catkin_cmake_args' from command line to 'None'
[1.052s] Level 5:colcon.colcon_core.verb:set package 'my_robot_description' build argument 'catkin_skip_building_tests' from command line to 'False'
[1.052s] DEBUG:colcon.colcon_core.verb:Building package 'my_robot_description' with the following arguments: {'ament_cmake_args': None, 'build_base': '/home/kaku0608/ros2_ws/build/my_robot_description', 'catkin_cmake_args': None, 'catkin_skip_building_tests': False, 'cmake_args': None, 'cmake_clean_cache': False, 'cmake_clean_first': False, 'cmake_force_configure': False, 'cmake_target': None, 'cmake_target_skip_unavailable': False, 'install_base': '/home/kaku0608/ros2_ws/install/my_robot_description', 'merge_install': False, 'path': '/home/kaku0608/ros2_ws/src/my_robot_description', 'symlink_install': True, 'test_result_base': None}
[1.063s] Level 5:colcon.colcon_core.verb:set package 'my_robot_bringup' build argument 'cmake_args' from command line to 'None'
[1.063s] Level 5:colcon.colcon_core.verb:set package 'my_robot_bringup' build argument 'cmake_target' from command line to 'None'
[1.063s] Level 5:colcon.colcon_core.verb:set package 'my_robot_bringup' build argument 'cmake_target_skip_unavailable' from command line to 'False'
[1.063s] Level 5:colcon.colcon_core.verb:set package 'my_robot_bringup' build argument 'cmake_clean_cache' from command line to 'False'
[1.063s] Level 5:colcon.colcon_core.verb:set package 'my_robot_bringup' build argument 'cmake_clean_first' from command line to 'False'
[1.063s] Level 5:colcon.colcon_core.verb:set package 'my_robot_bringup' build argument 'cmake_force_configure' from command line to 'False'
[1.063s] Level 5:colcon.colcon_core.verb:set package 'my_robot_bringup' build argument 'ament_cmake_args' from command line to 'None'
[1.063s] Level 5:colcon.colcon_core.verb:set package 'my_robot_bringup' build argument 'catkin_cmake_args' from command line to 'None'
[1.063s] Level 5:colcon.colcon_core.verb:set package 'my_robot_bringup' build argument 'catkin_skip_building_tests' from command line to 'False'
[1.063s] DEBUG:colcon.colcon_core.verb:Building package 'my_robot_bringup' with the following arguments: {'ament_cmake_args': None, 'build_base': '/home/kaku0608/ros2_ws/build/my_robot_bringup', 'catkin_cmake_args': None, 'catkin_skip_building_tests': False, 'cmake_args': None, 'cmake_clean_cache': False, 'cmake_clean_first': False, 'cmake_force_configure': False, 'cmake_target': None, 'cmake_target_skip_unavailable': False, 'install_base': '/home/kaku0608/ros2_ws/install/my_robot_bringup', 'merge_install': False, 'path': '/home/kaku0608/ros2_ws/src/my_robot_bringup', 'symlink_install': True, 'test_result_base': None}
[1.074s] INFO:colcon.colcon_core.executor:Executing jobs using 'parallel' executor
[1.086s] DEBUG:colcon.colcon_parallel_executor.executor.parallel:run_until_complete
[1.086s] INFO:colcon.colcon_ros.task.ament_cmake.build:Building ROS package in '/home/kaku0608/ros2_ws/src/my_robot_description' with build type 'ament_cmake'
[1.086s] INFO:colcon.colcon_cmake.task.cmake.build:Building CMake package in '/home/kaku0608/ros2_ws/src/my_robot_description'
[1.099s] INFO:colcon.colcon_core.plugin_system:Skipping extension 'colcon_core.shell.bat': Not used on non-Windows systems
[1.099s] INFO:colcon.colcon_core.shell:Skip shell extension 'powershell' for command environment: Not usable outside of PowerShell
[1.099s] DEBUG:colcon.colcon_core.shell:Skip shell extension 'dsv' for command environment
[1.172s] DEBUG:colcon.colcon_core.event_handler.log_command:Invoking command in '/home/kaku0608/ros2_ws/build/my_robot_description': CMAKE_PREFIX_PATH=${CMAKE_PREFIX_PATH}:/home/kaku0608/ros2_t/install/turtle_py:/home/kaku0608/ros2_t/install/turtle:/home/kaku0608/ros2_t/install/my_py_pkg:/opt/ros/humble /usr/bin/cmake --build /home/kaku0608/ros2_ws/build/my_robot_description -- -j3 -l3
[1.227s] DEBUG:colcon.colcon_core.event_handler.log_command:Invoked command in '/home/kaku0608/ros2_ws/build/my_robot_description' returned '0': CMAKE_PREFIX_PATH=${CMAKE_PREFIX_PATH}:/home/kaku0608/ros2_t/install/turtle_py:/home/kaku0608/ros2_t/install/turtle:/home/kaku0608/ros2_t/install/my_py_pkg:/opt/ros/humble /usr/bin/cmake --build /home/kaku0608/ros2_ws/build/my_robot_description -- -j3 -l3
[1.271s] DEBUG:colcon.colcon_core.event_handler.log_command:Invoking command in '/home/kaku0608/ros2_ws/build/my_robot_description': CMAKE_PREFIX_PATH=${CMAKE_PREFIX_PATH}:/home/kaku0608/ros2_t/install/turtle_py:/home/kaku0608/ros2_t/install/turtle:/home/kaku0608/ros2_t/install/my_py_pkg:/opt/ros/humble /usr/bin/cmake --install /home/kaku0608/ros2_ws/build/my_robot_description
[1.302s] Level 1:colcon.colcon_core.environment:create_environment_scripts_only(my_robot_description)
[1.302s] DEBUG:colcon.colcon_core.event_handler.log_command:Invoked command in '/home/kaku0608/ros2_ws/build/my_robot_description' returned '0': CMAKE_PREFIX_PATH=${CMAKE_PREFIX_PATH}:/home/kaku0608/ros2_t/install/turtle_py:/home/kaku0608/ros2_t/install/turtle:/home/kaku0608/ros2_t/install/my_py_pkg:/opt/ros/humble /usr/bin/cmake --install /home/kaku0608/ros2_ws/build/my_robot_description
[1.320s] Level 1:colcon.colcon_core.environment:checking '/home/kaku0608/ros2_ws/install/my_robot_description' for CMake module files
[1.321s] Level 1:colcon.colcon_core.environment:checking '/home/kaku0608/ros2_ws/install/my_robot_description' for CMake config files
[1.321s] Level 1:colcon.colcon_core.shell:create_environment_hook('my_robot_description', 'cmake_prefix_path')
[1.335s] INFO:colcon.colcon_core.shell:Creating environment hook '/home/kaku0608/ros2_ws/install/my_robot_description/share/my_robot_description/hook/cmake_prefix_path.ps1'
[1.335s] INFO:colcon.colcon_core.shell:Creating environment descriptor '/home/kaku0608/ros2_ws/install/my_robot_description/share/my_robot_description/hook/cmake_prefix_path.dsv'
[1.336s] INFO:colcon.colcon_core.shell:Creating environment hook '/home/kaku0608/ros2_ws/install/my_robot_description/share/my_robot_description/hook/cmake_prefix_path.sh'
[1.337s] Level 1:colcon.colcon_core.environment:checking '/home/kaku0608/ros2_ws/install/my_robot_description/bin'
[1.337s] Level 1:colcon.colcon_core.environment:checking '/home/kaku0608/ros2_ws/install/my_robot_description/lib/pkgconfig/my_robot_description.pc'
[1.337s] Level 1:colcon.colcon_core.environment:checking '/home/kaku0608/ros2_ws/install/my_robot_description/lib/python3.10/site-packages'
[1.337s] Level 1:colcon.colcon_core.environment:checking '/home/kaku0608/ros2_ws/install/my_robot_description/bin'
[1.348s] INFO:colcon.colcon_core.shell:Creating package script '/home/kaku0608/ros2_ws/install/my_robot_description/share/my_robot_description/package.ps1'
[1.349s] INFO:colcon.colcon_core.shell:Creating package descriptor '/home/kaku0608/ros2_ws/install/my_robot_description/share/my_robot_description/package.dsv'
[1.349s] INFO:colcon.colcon_core.shell:Creating package script '/home/kaku0608/ros2_ws/install/my_robot_description/share/my_robot_description/package.sh'
[1.350s] INFO:colcon.colcon_core.shell:Creating package script '/home/kaku0608/ros2_ws/install/my_robot_description/share/my_robot_description/package.bash'
[1.351s] INFO:colcon.colcon_core.shell:Creating package script '/home/kaku0608/ros2_ws/install/my_robot_description/share/my_robot_description/package.zsh'
[1.351s] Level 1:colcon.colcon_core.environment:create_file_with_runtime_dependencies(/home/kaku0608/ros2_ws/install/my_robot_description/share/colcon-core/packages/my_robot_description)
[1.382s] Level 1:colcon.colcon_core.environment:create_environment_scripts_only(my_robot_description)
[1.394s] Level 1:colcon.colcon_core.environment:checking '/home/kaku0608/ros2_ws/install/my_robot_description' for CMake module files
[1.394s] Level 1:colcon.colcon_core.environment:checking '/home/kaku0608/ros2_ws/install/my_robot_description' for CMake config files
[1.395s] Level 1:colcon.colcon_core.shell:create_environment_hook('my_robot_description', 'cmake_prefix_path')
[1.406s] INFO:colcon.colcon_core.shell:Creating environment hook '/home/kaku0608/ros2_ws/install/my_robot_description/share/my_robot_description/hook/cmake_prefix_path.ps1'
[1.406s] INFO:colcon.colcon_core.shell:Creating environment descriptor '/home/kaku0608/ros2_ws/install/my_robot_description/share/my_robot_description/hook/cmake_prefix_path.dsv'
[1.407s] INFO:colcon.colcon_core.shell:Creating environment hook '/home/kaku0608/ros2_ws/install/my_robot_description/share/my_robot_description/hook/cmake_prefix_path.sh'
[1.407s] Level 1:colcon.colcon_core.environment:checking '/home/kaku0608/ros2_ws/install/my_robot_description/bin'
[1.407s] Level 1:colcon.colcon_core.environment:checking '/home/kaku0608/ros2_ws/install/my_robot_description/lib/pkgconfig/my_robot_description.pc'
[1.408s] Level 1:colcon.colcon_core.environment:checking '/home/kaku0608/ros2_ws/install/my_robot_description/lib/python3.10/site-packages'
[1.408s] Level 1:colcon.colcon_core.environment:checking '/home/kaku0608/ros2_ws/install/my_robot_description/bin'
[1.427s] INFO:colcon.colcon_core.shell:Creating package script '/home/kaku0608/ros2_ws/install/my_robot_description/share/my_robot_description/package.ps1'
[1.428s] INFO:colcon.colcon_core.shell:Creating package descriptor '/home/kaku0608/ros2_ws/install/my_robot_description/share/my_robot_description/package.dsv'
[1.429s] INFO:colcon.colcon_core.shell:Creating package script '/home/kaku0608/ros2_ws/install/my_robot_description/share/my_robot_description/package.sh'
[1.429s] INFO:colcon.colcon_core.shell:Creating package script '/home/kaku0608/ros2_ws/install/my_robot_description/share/my_robot_description/package.bash'
[1.429s] INFO:colcon.colcon_core.shell:Creating package script '/home/kaku0608/ros2_ws/install/my_robot_description/share/my_robot_description/package.zsh'
[1.430s] Level 1:colcon.colcon_core.environment:create_file_with_runtime_dependencies(/home/kaku0608/ros2_ws/install/my_robot_description/share/colcon-core/packages/my_robot_description)
[1.430s] INFO:colcon.colcon_ros.task.ament_cmake.build:Building ROS package in '/home/kaku0608/ros2_ws/src/my_robot_bringup' with build type 'ament_cmake'
[1.430s] INFO:colcon.colcon_cmake.task.cmake.build:Building CMake package in '/home/kaku0608/ros2_ws/src/my_robot_bringup'
[1.443s] INFO:colcon.colcon_core.shell:Skip shell extension 'powershell' for command environment: Not usable outside of PowerShell
[1.443s] DEBUG:colcon.colcon_core.shell:Skip shell extension 'dsv' for command environment
[1.505s] DEBUG:colcon.colcon_core.event_handler.log_command:Invoking command in '/home/kaku0608/ros2_ws/build/my_robot_bringup': CMAKE_PREFIX_PATH=/home/kaku0608/ros2_ws/install/my_robot_description:/home/kaku0608/ros2_ws/install/my_robot_bringup:/home/kaku0608/ros2_t/install/my_robot_bringup:/home/kaku0608/ros2_t/install/my_cpp_pkg:/home/kaku0608/ros2_t/install/my_robot_interfaces:/home/kaku0608/ros2_t/install/turtle_py:/home/kaku0608/ros2_t/install/turtle:/home/kaku0608/ros2_t/install/my_py_pkg:/opt/ros/humble /usr/bin/cmake --build /home/kaku0608/ros2_ws/build/my_robot_bringup -- -j3 -l3
[1.553s] DEBUG:colcon.colcon_core.event_handler.log_command:Invoked command in '/home/kaku0608/ros2_ws/build/my_robot_bringup' returned '0': CMAKE_PREFIX_PATH=/home/kaku0608/ros2_ws/install/my_robot_description:/home/kaku0608/ros2_ws/install/my_robot_bringup:/home/kaku0608/ros2_t/install/my_robot_bringup:/home/kaku0608/ros2_t/install/my_cpp_pkg:/home/kaku0608/ros2_t/install/my_robot_interfaces:/home/kaku0608/ros2_t/install/turtle_py:/home/kaku0608/ros2_t/install/turtle:/home/kaku0608/ros2_t/install/my_py_pkg:/opt/ros/humble /usr/bin/cmake --build /home/kaku0608/ros2_ws/build/my_robot_bringup -- -j3 -l3
[1.574s] DEBUG:colcon.colcon_core.event_handler.log_command:Invoking command in '/home/kaku0608/ros2_ws/build/my_robot_bringup': CMAKE_PREFIX_PATH=/home/kaku0608/ros2_ws/install/my_robot_description:/home/kaku0608/ros2_ws/install/my_robot_bringup:/home/kaku0608/ros2_t/install/my_robot_bringup:/home/kaku0608/ros2_t/install/my_cpp_pkg:/home/kaku0608/ros2_t/install/my_robot_interfaces:/home/kaku0608/ros2_t/install/turtle_py:/home/kaku0608/ros2_t/install/turtle:/home/kaku0608/ros2_t/install/my_py_pkg:/opt/ros/humble /usr/bin/cmake --install /home/kaku0608/ros2_ws/build/my_robot_bringup
[1.599s] Level 1:colcon.colcon_core.environment:create_environment_scripts_only(my_robot_bringup)
[1.600s] DEBUG:colcon.colcon_core.event_handler.log_command:Invoked command in '/home/kaku0608/ros2_ws/build/my_robot_bringup' returned '0': CMAKE_PREFIX_PATH=/home/kaku0608/ros2_ws/install/my_robot_description:/home/kaku0608/ros2_ws/install/my_robot_bringup:/home/kaku0608/ros2_t/install/my_robot_bringup:/home/kaku0608/ros2_t/install/my_cpp_pkg:/home/kaku0608/ros2_t/install/my_robot_interfaces:/home/kaku0608/ros2_t/install/turtle_py:/home/kaku0608/ros2_t/install/turtle:/home/kaku0608/ros2_t/install/my_py_pkg:/opt/ros/humble /usr/bin/cmake --install /home/kaku0608/ros2_ws/build/my_robot_bringup
[1.611s] Level 1:colcon.colcon_core.environment:checking '/home/kaku0608/ros2_ws/install/my_robot_bringup' for CMake module files
[1.612s] Level 1:colcon.colcon_core.environment:checking '/home/kaku0608/ros2_ws/install/my_robot_bringup' for CMake config files
[1.612s] Level 1:colcon.colcon_core.shell:create_environment_hook('my_robot_bringup', 'cmake_prefix_path')
[1.633s] INFO:colcon.colcon_core.shell:Creating environment hook '/home/kaku0608/ros2_ws/install/my_robot_bringup/share/my_robot_bringup/hook/cmake_prefix_path.ps1'
[1.634s] INFO:colcon.colcon_core.shell:Creating environment descriptor '/home/kaku0608/ros2_ws/install/my_robot_bringup/share/my_robot_bringup/hook/cmake_prefix_path.dsv'
[1.634s] INFO:colcon.colcon_core.shell:Creating environment hook '/home/kaku0608/ros2_ws/install/my_robot_bringup/share/my_robot_bringup/hook/cmake_prefix_path.sh'
[1.635s] Level 1:colcon.colcon_core.environment:checking '/home/kaku0608/ros2_ws/install/my_robot_bringup/bin'
[1.635s] Level 1:colcon.colcon_core.environment:checking '/home/kaku0608/ros2_ws/install/my_robot_bringup/lib/pkgconfig/my_robot_bringup.pc'
[1.636s] Level 1:colcon.colcon_core.environment:checking '/home/kaku0608/ros2_ws/install/my_robot_bringup/lib/python3.10/site-packages'
[1.636s] Level 1:colcon.colcon_core.environment:checking '/home/kaku0608/ros2_ws/install/my_robot_bringup/bin'
[1.647s] INFO:colcon.colcon_core.shell:Creating package script '/home/kaku0608/ros2_ws/install/my_robot_bringup/share/my_robot_bringup/package.ps1'
[1.648s] INFO:colcon.colcon_core.shell:Creating package descriptor '/home/kaku0608/ros2_ws/install/my_robot_bringup/share/my_robot_bringup/package.dsv'
[1.648s] INFO:colcon.colcon_core.shell:Creating package script '/home/kaku0608/ros2_ws/install/my_robot_bringup/share/my_robot_bringup/package.sh'
[1.649s] INFO:colcon.colcon_core.shell:Creating package script '/home/kaku0608/ros2_ws/install/my_robot_bringup/share/my_robot_bringup/package.bash'
[1.649s] INFO:colcon.colcon_core.shell:Creating package script '/home/kaku0608/ros2_ws/install/my_robot_bringup/share/my_robot_bringup/package.zsh'
[1.649s] Level 1:colcon.colcon_core.environment:create_file_with_runtime_dependencies(/home/kaku0608/ros2_ws/install/my_robot_bringup/share/colcon-core/packages/my_robot_bringup)
[1.679s] Level 1:colcon.colcon_core.environment:create_environment_scripts_only(my_robot_bringup)
[1.690s] Level 1:colcon.colcon_core.environment:checking '/home/kaku0608/ros2_ws/install/my_robot_bringup' for CMake module files
[1.690s] Level 1:colcon.colcon_core.environment:checking '/home/kaku0608/ros2_ws/install/my_robot_bringup' for CMake config files
[1.691s] Level 1:colcon.colcon_core.shell:create_environment_hook('my_robot_bringup', 'cmake_prefix_path')
[1.702s] INFO:colcon.colcon_core.shell:Creating environment hook '/home/kaku0608/ros2_ws/install/my_robot_bringup/share/my_robot_bringup/hook/cmake_prefix_path.ps1'
[1.702s] INFO:colcon.colcon_core.shell:Creating environment descriptor '/home/kaku0608/ros2_ws/install/my_robot_bringup/share/my_robot_bringup/hook/cmake_prefix_path.dsv'
[1.702s] INFO:colcon.colcon_core.shell:Creating environment hook '/home/kaku0608/ros2_ws/install/my_robot_bringup/share/my_robot_bringup/hook/cmake_prefix_path.sh'
[1.703s] Level 1:colcon.colcon_core.environment:checking '/home/kaku0608/ros2_ws/install/my_robot_bringup/bin'
[1.703s] Level 1:colcon.colcon_core.environment:checking '/home/kaku0608/ros2_ws/install/my_robot_bringup/lib/pkgconfig/my_robot_bringup.pc'
[1.703s] Level 1:colcon.colcon_core.environment:checking '/home/kaku0608/ros2_ws/install/my_robot_bringup/lib/python3.10/site-packages'
[1.703s] Level 1:colcon.colcon_core.environment:checking '/home/kaku0608/ros2_ws/install/my_robot_bringup/bin'
[1.714s] INFO:colcon.colcon_core.shell:Creating package script '/home/kaku0608/ros2_ws/install/my_robot_bringup/share/my_robot_bringup/package.ps1'
[1.715s] INFO:colcon.colcon_core.shell:Creating package descriptor '/home/kaku0608/ros2_ws/install/my_robot_bringup/share/my_robot_bringup/package.dsv'
[1.715s] INFO:colcon.colcon_core.shell:Creating package script '/home/kaku0608/ros2_ws/install/my_robot_bringup/share/my_robot_bringup/package.sh'
[1.716s] INFO:colcon.colcon_core.shell:Creating package script '/home/kaku0608/ros2_ws/install/my_robot_bringup/share/my_robot_bringup/package.bash'
[1.716s] INFO:colcon.colcon_core.shell:Creating package script '/home/kaku0608/ros2_ws/install/my_robot_bringup/share/my_robot_bringup/package.zsh'
[1.717s] Level 1:colcon.colcon_core.environment:create_file_with_runtime_dependencies(/home/kaku0608/ros2_ws/install/my_robot_bringup/share/colcon-core/packages/my_robot_bringup)
[1.717s] DEBUG:colcon.colcon_parallel_executor.executor.parallel:closing loop
[1.718s] DEBUG:colcon.colcon_parallel_executor.executor.parallel:loop closed
[1.718s] DEBUG:colcon.colcon_parallel_executor.executor.parallel:run_until_complete finished with '0'
[1.718s] DEBUG:colcon.colcon_core.event_reactor:joining thread
[1.735s] INFO:colcon.colcon_core.plugin_system:Skipping extension 'colcon_notification.desktop_notification.terminal_notifier': Not used on non-Darwin systems
[1.735s] INFO:colcon.colcon_core.plugin_system:Skipping extension 'colcon_notification.desktop_notification.win32': Not used on non-Windows systems
[1.735s] INFO:colcon.colcon_notification.desktop_notification:Sending desktop notification using 'notify2'
[1.748s] DEBUG:colcon.colcon_core.event_reactor:joined thread
[1.760s] INFO:colcon.colcon_core.shell:Creating prefix script '/home/kaku0608/ros2_ws/install/local_setup.ps1'
[1.761s] INFO:colcon.colcon_core.shell:Creating prefix util module '/home/kaku0608/ros2_ws/install/_local_setup_util_ps1.py'
[1.762s] INFO:colcon.colcon_core.shell:Creating prefix chain script '/home/kaku0608/ros2_ws/install/setup.ps1'
[1.778s] INFO:colcon.colcon_core.shell:Creating prefix script '/home/kaku0608/ros2_ws/install/local_setup.sh'
[1.778s] INFO:colcon.colcon_core.shell:Creating prefix util module '/home/kaku0608/ros2_ws/install/_local_setup_util_sh.py'
[1.779s] INFO:colcon.colcon_core.shell:Creating prefix chain script '/home/kaku0608/ros2_ws/install/setup.sh'
[1.792s] INFO:colcon.colcon_core.shell:Creating prefix script '/home/kaku0608/ros2_ws/install/local_setup.bash'
[1.792s] INFO:colcon.colcon_core.shell:Creating prefix chain script '/home/kaku0608/ros2_ws/install/setup.bash'
[1.807s] INFO:colcon.colcon_core.shell:Creating prefix script '/home/kaku0608/ros2_ws/install/local_setup.zsh'
[1.808s] INFO:colcon.colcon_core.shell:Creating prefix chain script '/home/kaku0608/ros2_ws/install/setup.zsh'
