[0.915s] DEBUG:colcon:Command line arguments: ['/usr/bin/colcon', 'build', '--symlink-install']
[0.915s] DEBUG:colcon:Parsed command line arguments: Namespace(log_base=None, log_level=None, verb_name='build', build_base='build', install_base='install', merge_install=False, symlink_install=True, test_result_base=None, continue_on_error=False, executor='parallel', parallel_workers=3, event_handlers=None, ignore_user_meta=False, metas=['./colcon.meta'], base_paths=['.'], packages_ignore=None, packages_ignore_regex=None, paths=None, packages_up_to=None, packages_up_to_regex=None, packages_above=None, packages_above_and_dependencies=None, packages_above_depth=None, packages_select_by_dep=None, packages_skip_by_dep=None, packages_skip_up_to=None, packages_select_build_failed=False, packages_skip_build_finished=False, packages_select_test_failures=False, packages_skip_test_passed=False, packages_select=None, packages_skip=None, packages_select_regex=None, packages_skip_regex=None, packages_start=None, packages_end=None, allow_overriding=[], cmake_args=None, cmake_target=None, cmake_target_skip_unavailable=False, cmake_clean_cache=False, cmake_clean_first=False, cmake_force_configure=False, ament_cmake_args=None, catkin_cmake_args=None, catkin_skip_building_tests=False, verb_parser=<colcon_defaults.argument_parser.defaults.DefaultArgumentsDecorator object at 0x743771e2bb20>, verb_extension=<colcon_core.verb.build.BuildVerb object at 0x743771e28760>, main=<bound method BuildVerb.main of <colcon_core.verb.build.BuildVerb object at 0x743771e28760>>)
[0.967s] Level 1:colcon.colcon_core.package_discovery:discover_packages(colcon_meta) check parameters
[0.967s] Level 1:colcon.colcon_core.package_discovery:discover_packages(recursive) check parameters
[0.967s] Level 1:colcon.colcon_core.package_discovery:discover_packages(ignore) check parameters
[0.967s] Level 1:colcon.colcon_core.package_discovery:discover_packages(path) check parameters
[0.967s] Level 1:colcon.colcon_core.package_discovery:discover_packages(colcon_meta) discover
[0.967s] Level 1:colcon.colcon_core.package_discovery:discover_packages(recursive) discover
[0.967s] INFO:colcon.colcon_core.package_discovery:Crawling recursively for packages in '/home/kaku0608/ros2_ws'
[0.967s] Level 1:colcon.colcon_core.package_identification:_identify(.) by extensions ['ignore', 'ignore_ament_install']
[0.967s] Level 1:colcon.colcon_core.package_identification:_identify(.) by extension 'ignore'
[0.967s] Level 1:colcon.colcon_core.package_identification:_identify(.) by extension 'ignore_ament_install'
[0.967s] Level 1:colcon.colcon_core.package_identification:_identify(.) by extensions ['colcon_pkg']
[0.967s] Level 1:colcon.colcon_core.package_identification:_identify(.) by extension 'colcon_pkg'
[0.967s] Level 1:colcon.colcon_core.package_identification:_identify(.) by extensions ['colcon_meta']
[0.967s] Level 1:colcon.colcon_core.package_identification:_identify(.) by extension 'colcon_meta'
[0.967s] Level 1:colcon.colcon_core.package_identification:_identify(.) by extensions ['ros']
[0.967s] Level 1:colcon.colcon_core.package_identification:_identify(.) by extension 'ros'
[0.979s] Level 1:colcon.colcon_core.package_identification:_identify(.) by extensions ['cmake', 'python']
[0.979s] Level 1:colcon.colcon_core.package_identification:_identify(.) by extension 'cmake'
[0.979s] Level 1:colcon.colcon_core.package_identification:_identify(.) by extension 'python'
[0.980s] Level 1:colcon.colcon_core.package_identification:_identify(.) by extensions ['python_setup_py']
[0.980s] Level 1:colcon.colcon_core.package_identification:_identify(.) by extension 'python_setup_py'
[0.980s] Level 1:colcon.colcon_core.package_identification:_identify(build) by extensions ['ignore', 'ignore_ament_install']
[0.980s] Level 1:colcon.colcon_core.package_identification:_identify(build) by extension 'ignore'
[0.980s] Level 1:colcon.colcon_core.package_identification:_identify(build) ignored
[0.980s] Level 1:colcon.colcon_core.package_identification:_identify(install) by extensions ['ignore', 'ignore_ament_install']
[0.980s] Level 1:colcon.colcon_core.package_identification:_identify(install) by extension 'ignore'
[0.980s] Level 1:colcon.colcon_core.package_identification:_identify(install) ignored
[0.980s] Level 1:colcon.colcon_core.package_identification:_identify(log) by extensions ['ignore', 'ignore_ament_install']
[0.980s] Level 1:colcon.colcon_core.package_identification:_identify(log) by extension 'ignore'
[0.980s] Level 1:colcon.colcon_core.package_identification:_identify(log) ignored
[0.981s] Level 1:colcon.colcon_core.package_identification:_identify(src) by extensions ['ignore', 'ignore_ament_install']
[0.981s] Level 1:colcon.colcon_core.package_identification:_identify(src) by extension 'ignore'
[0.981s] Level 1:colcon.colcon_core.package_identification:_identify(src) by extension 'ignore_ament_install'
[0.981s] Level 1:colcon.colcon_core.package_identification:_identify(src) by extensions ['colcon_pkg']
[0.981s] Level 1:colcon.colcon_core.package_identification:_identify(src) by extension 'colcon_pkg'
[0.981s] Level 1:colcon.colcon_core.package_identification:_identify(src) by extensions ['colcon_meta']
[0.981s] Level 1:colcon.colcon_core.package_identification:_identify(src) by extension 'colcon_meta'
[0.981s] Level 1:colcon.colcon_core.package_identification:_identify(src) by extensions ['ros']
[0.981s] Level 1:colcon.colcon_core.package_identification:_identify(src) by extension 'ros'
[0.981s] Level 1:colcon.colcon_core.package_identification:_identify(src) by extensions ['cmake', 'python']
[0.981s] Level 1:colcon.colcon_core.package_identification:_identify(src) by extension 'cmake'
[0.981s] Level 1:colcon.colcon_core.package_identification:_identify(src) by extension 'python'
[0.981s] Level 1:colcon.colcon_core.package_identification:_identify(src) by extensions ['python_setup_py']
[0.981s] Level 1:colcon.colcon_core.package_identification:_identify(src) by extension 'python_setup_py'
[0.981s] Level 1:colcon.colcon_core.package_identification:_identify(src/my_robot_bringup) by extensions ['ignore', 'ignore_ament_install']
[0.981s] Level 1:colcon.colcon_core.package_identification:_identify(src/my_robot_bringup) by extension 'ignore'
[0.981s] Level 1:colcon.colcon_core.package_identification:_identify(src/my_robot_bringup) by extension 'ignore_ament_install'
[0.982s] Level 1:colcon.colcon_core.package_identification:_identify(src/my_robot_bringup) by extensions ['colcon_pkg']
[0.982s] Level 1:colcon.colcon_core.package_identification:_identify(src/my_robot_bringup) by extension 'colcon_pkg'
[0.982s] Level 1:colcon.colcon_core.package_identification:_identify(src/my_robot_bringup) by extensions ['colcon_meta']
[0.982s] Level 1:colcon.colcon_core.package_identification:_identify(src/my_robot_bringup) by extension 'colcon_meta'
[0.982s] Level 1:colcon.colcon_core.package_identification:_identify(src/my_robot_bringup) by extensions ['ros']
[0.982s] Level 1:colcon.colcon_core.package_identification:_identify(src/my_robot_bringup) by extension 'ros'
[0.984s] DEBUG:colcon.colcon_core.package_identification:Package 'src/my_robot_bringup' with type 'ros.ament_cmake' and name 'my_robot_bringup'
[0.984s] Level 1:colcon.colcon_core.package_identification:_identify(src/my_robot_description) by extensions ['ignore', 'ignore_ament_install']
[0.985s] Level 1:colcon.colcon_core.package_identification:_identify(src/my_robot_description) by extension 'ignore'
[0.985s] Level 1:colcon.colcon_core.package_identification:_identify(src/my_robot_description) by extension 'ignore_ament_install'
[0.985s] Level 1:colcon.colcon_core.package_identification:_identify(src/my_robot_description) by extensions ['colcon_pkg']
[0.985s] Level 1:colcon.colcon_core.package_identification:_identify(src/my_robot_description) by extension 'colcon_pkg'
[0.985s] Level 1:colcon.colcon_core.package_identification:_identify(src/my_robot_description) by extensions ['colcon_meta']
[0.985s] Level 1:colcon.colcon_core.package_identification:_identify(src/my_robot_description) by extension 'colcon_meta'
[0.985s] Level 1:colcon.colcon_core.package_identification:_identify(src/my_robot_description) by extensions ['ros']
[0.985s] Level 1:colcon.colcon_core.package_identification:_identify(src/my_robot_description) by extension 'ros'
[0.985s] DEBUG:colcon.colcon_core.package_identification:Package 'src/my_robot_description' with type 'ros.ament_cmake' and name 'my_robot_description'
[0.986s] Level 1:colcon.colcon_core.package_discovery:discover_packages(recursive) using defaults
[0.986s] Level 1:colcon.colcon_core.package_discovery:discover_packages(ignore) discover
[0.986s] Level 1:colcon.colcon_core.package_discovery:discover_packages(ignore) using defaults
[0.986s] Level 1:colcon.colcon_core.package_discovery:discover_packages(path) discover
[0.986s] Level 1:colcon.colcon_core.package_discovery:discover_packages(path) using defaults
[1.086s] Level 1:colcon.colcon_core.package_discovery:discover_packages(prefix_path) check parameters
[1.086s] Level 1:colcon.colcon_core.package_discovery:discover_packages(prefix_path) discover
[1.120s] DEBUG:colcon.colcon_installed_package_information.package_discovery:Found 2 installed packages in /home/kaku0608/ros2_ws/install
[1.136s] DEBUG:colcon.colcon_installed_package_information.package_discovery:Found 6 installed packages in /home/kaku0608/ros2_t/install
[1.159s] DEBUG:colcon.colcon_installed_package_information.package_discovery:Found 328 installed packages in /opt/ros/humble
[1.161s] Level 1:colcon.colcon_core.package_discovery:discover_packages(prefix_path) using defaults
[1.266s] Level 5:colcon.colcon_core.verb:set package 'my_robot_description' build argument 'cmake_args' from command line to 'None'
[1.266s] Level 5:colcon.colcon_core.verb:set package 'my_robot_description' build argument 'cmake_target' from command line to 'None'
[1.266s] Level 5:colcon.colcon_core.verb:set package 'my_robot_description' build argument 'cmake_target_skip_unavailable' from command line to 'False'
[1.266s] Level 5:colcon.colcon_core.verb:set package 'my_robot_description' build argument 'cmake_clean_cache' from command line to 'False'
[1.266s] Level 5:colcon.colcon_core.verb:set package 'my_robot_description' build argument 'cmake_clean_first' from command line to 'False'
[1.266s] Level 5:colcon.colcon_core.verb:set package 'my_robot_description' build argument 'cmake_force_configure' from command line to 'False'
[1.266s] Level 5:colcon.colcon_core.verb:set package 'my_robot_description' build argument 'ament_cmake_args' from command line to 'None'
[1.266s] Level 5:colcon.colcon_core.verb:set package 'my_robot_description' build argument 'catkin_cmake_args' from command line to 'None'
[1.266s] Level 5:colcon.colcon_core.verb:set package 'my_robot_description' build argument 'catkin_skip_building_tests' from command line to 'False'
[1.266s] DEBUG:colcon.colcon_core.verb:Building package 'my_robot_description' with the following arguments: {'ament_cmake_args': None, 'build_base': '/home/kaku0608/ros2_ws/build/my_robot_description', 'catkin_cmake_args': None, 'catkin_skip_building_tests': False, 'cmake_args': None, 'cmake_clean_cache': False, 'cmake_clean_first': False, 'cmake_force_configure': False, 'cmake_target': None, 'cmake_target_skip_unavailable': False, 'install_base': '/home/kaku0608/ros2_ws/install/my_robot_description', 'merge_install': False, 'path': '/home/kaku0608/ros2_ws/src/my_robot_description', 'symlink_install': True, 'test_result_base': None}
[1.280s] Level 5:colcon.colcon_core.verb:set package 'my_robot_bringup' build argument 'cmake_args' from command line to 'None'
[1.280s] Level 5:colcon.colcon_core.verb:set package 'my_robot_bringup' build argument 'cmake_target' from command line to 'None'
[1.280s] Level 5:colcon.colcon_core.verb:set package 'my_robot_bringup' build argument 'cmake_target_skip_unavailable' from command line to 'False'
[1.280s] Level 5:colcon.colcon_core.verb:set package 'my_robot_bringup' build argument 'cmake_clean_cache' from command line to 'False'
[1.280s] Level 5:colcon.colcon_core.verb:set package 'my_robot_bringup' build argument 'cmake_clean_first' from command line to 'False'
[1.280s] Level 5:colcon.colcon_core.verb:set package 'my_robot_bringup' build argument 'cmake_force_configure' from command line to 'False'
[1.280s] Level 5:colcon.colcon_core.verb:set package 'my_robot_bringup' build argument 'ament_cmake_args' from command line to 'None'
[1.280s] Level 5:colcon.colcon_core.verb:set package 'my_robot_bringup' build argument 'catkin_cmake_args' from command line to 'None'
[1.280s] Level 5:colcon.colcon_core.verb:set package 'my_robot_bringup' build argument 'catkin_skip_building_tests' from command line to 'False'
[1.280s] DEBUG:colcon.colcon_core.verb:Building package 'my_robot_bringup' with the following arguments: {'ament_cmake_args': None, 'build_base': '/home/kaku0608/ros2_ws/build/my_robot_bringup', 'catkin_cmake_args': None, 'catkin_skip_building_tests': False, 'cmake_args': None, 'cmake_clean_cache': False, 'cmake_clean_first': False, 'cmake_force_configure': False, 'cmake_target': None, 'cmake_target_skip_unavailable': False, 'install_base': '/home/kaku0608/ros2_ws/install/my_robot_bringup', 'merge_install': False, 'path': '/home/kaku0608/ros2_ws/src/my_robot_bringup', 'symlink_install': True, 'test_result_base': None}
[1.302s] INFO:colcon.colcon_core.executor:Executing jobs using 'parallel' executor
[1.326s] DEBUG:colcon.colcon_parallel_executor.executor.parallel:run_until_complete
[1.327s] INFO:colcon.colcon_ros.task.ament_cmake.build:Building ROS package in '/home/kaku0608/ros2_ws/src/my_robot_description' with build type 'ament_cmake'
[1.327s] INFO:colcon.colcon_cmake.task.cmake.build:Building CMake package in '/home/kaku0608/ros2_ws/src/my_robot_description'
[1.344s] INFO:colcon.colcon_core.plugin_system:Skipping extension 'colcon_core.shell.bat': Not used on non-Windows systems
[1.344s] INFO:colcon.colcon_core.shell:Skip shell extension 'powershell' for command environment: Not usable outside of PowerShell
[1.345s] DEBUG:colcon.colcon_core.shell:Skip shell extension 'dsv' for command environment
[1.485s] DEBUG:colcon.colcon_core.event_handler.log_command:Invoking command in '/home/kaku0608/ros2_ws/build/my_robot_description': CMAKE_PREFIX_PATH=${CMAKE_PREFIX_PATH}:/home/kaku0608/ros2_t/install/turtle_py:/home/kaku0608/ros2_t/install/turtle:/home/kaku0608/ros2_t/install/my_py_pkg:/opt/ros/humble /usr/bin/cmake --build /home/kaku0608/ros2_ws/build/my_robot_description -- -j3 -l3
[1.598s] DEBUG:colcon.colcon_core.event_handler.log_command:Invoked command in '/home/kaku0608/ros2_ws/build/my_robot_description' returned '0': CMAKE_PREFIX_PATH=${CMAKE_PREFIX_PATH}:/home/kaku0608/ros2_t/install/turtle_py:/home/kaku0608/ros2_t/install/turtle:/home/kaku0608/ros2_t/install/my_py_pkg:/opt/ros/humble /usr/bin/cmake --build /home/kaku0608/ros2_ws/build/my_robot_description -- -j3 -l3
[1.685s] DEBUG:colcon.colcon_core.event_handler.log_command:Invoking command in '/home/kaku0608/ros2_ws/build/my_robot_description': CMAKE_PREFIX_PATH=${CMAKE_PREFIX_PATH}:/home/kaku0608/ros2_t/install/turtle_py:/home/kaku0608/ros2_t/install/turtle:/home/kaku0608/ros2_t/install/my_py_pkg:/opt/ros/humble /usr/bin/cmake --install /home/kaku0608/ros2_ws/build/my_robot_description
[1.750s] Level 1:colcon.colcon_core.environment:create_environment_scripts_only(my_robot_description)
[1.754s] DEBUG:colcon.colcon_core.event_handler.log_command:Invoked command in '/home/kaku0608/ros2_ws/build/my_robot_description' returned '0': CMAKE_PREFIX_PATH=${CMAKE_PREFIX_PATH}:/home/kaku0608/ros2_t/install/turtle_py:/home/kaku0608/ros2_t/install/turtle:/home/kaku0608/ros2_t/install/my_py_pkg:/opt/ros/humble /usr/bin/cmake --install /home/kaku0608/ros2_ws/build/my_robot_description
[1.781s] Level 1:colcon.colcon_core.environment:checking '/home/kaku0608/ros2_ws/install/my_robot_description' for CMake module files
[1.781s] Level 1:colcon.colcon_core.environment:checking '/home/kaku0608/ros2_ws/install/my_robot_description' for CMake config files
[1.782s] Level 1:colcon.colcon_core.shell:create_environment_hook('my_robot_description', 'cmake_prefix_path')
[1.800s] INFO:colcon.colcon_core.shell:Creating environment hook '/home/kaku0608/ros2_ws/install/my_robot_description/share/my_robot_description/hook/cmake_prefix_path.ps1'
[1.801s] INFO:colcon.colcon_core.shell:Creating environment descriptor '/home/kaku0608/ros2_ws/install/my_robot_description/share/my_robot_description/hook/cmake_prefix_path.dsv'
[1.802s] INFO:colcon.colcon_core.shell:Creating environment hook '/home/kaku0608/ros2_ws/install/my_robot_description/share/my_robot_description/hook/cmake_prefix_path.sh'
[1.803s] Level 1:colcon.colcon_core.environment:checking '/home/kaku0608/ros2_ws/install/my_robot_description/bin'
[1.804s] Level 1:colcon.colcon_core.environment:checking '/home/kaku0608/ros2_ws/install/my_robot_description/lib/pkgconfig/my_robot_description.pc'
[1.804s] Level 1:colcon.colcon_core.environment:checking '/home/kaku0608/ros2_ws/install/my_robot_description/lib/python3.10/site-packages'
[1.804s] Level 1:colcon.colcon_core.environment:checking '/home/kaku0608/ros2_ws/install/my_robot_description/bin'
[1.835s] INFO:colcon.colcon_core.shell:Creating package script '/home/kaku0608/ros2_ws/install/my_robot_description/share/my_robot_description/package.ps1'
[1.837s] INFO:colcon.colcon_core.shell:Creating package descriptor '/home/kaku0608/ros2_ws/install/my_robot_description/share/my_robot_description/package.dsv'
[1.838s] INFO:colcon.colcon_core.shell:Creating package script '/home/kaku0608/ros2_ws/install/my_robot_description/share/my_robot_description/package.sh'
[1.840s] INFO:colcon.colcon_core.shell:Creating package script '/home/kaku0608/ros2_ws/install/my_robot_description/share/my_robot_description/package.bash'
[1.843s] INFO:colcon.colcon_core.shell:Creating package script '/home/kaku0608/ros2_ws/install/my_robot_description/share/my_robot_description/package.zsh'
[1.845s] Level 1:colcon.colcon_core.environment:create_file_with_runtime_dependencies(/home/kaku0608/ros2_ws/install/my_robot_description/share/colcon-core/packages/my_robot_description)
[1.932s] Level 1:colcon.colcon_core.environment:create_environment_scripts_only(my_robot_description)
[1.953s] Level 1:colcon.colcon_core.environment:checking '/home/kaku0608/ros2_ws/install/my_robot_description' for CMake module files
[1.953s] Level 1:colcon.colcon_core.environment:checking '/home/kaku0608/ros2_ws/install/my_robot_description' for CMake config files
[1.954s] Level 1:colcon.colcon_core.shell:create_environment_hook('my_robot_description', 'cmake_prefix_path')
[1.983s] INFO:colcon.colcon_core.shell:Creating environment hook '/home/kaku0608/ros2_ws/install/my_robot_description/share/my_robot_description/hook/cmake_prefix_path.ps1'
[1.985s] INFO:colcon.colcon_core.shell:Creating environment descriptor '/home/kaku0608/ros2_ws/install/my_robot_description/share/my_robot_description/hook/cmake_prefix_path.dsv'
[1.986s] INFO:colcon.colcon_core.shell:Creating environment hook '/home/kaku0608/ros2_ws/install/my_robot_description/share/my_robot_description/hook/cmake_prefix_path.sh'
[1.988s] Level 1:colcon.colcon_core.environment:checking '/home/kaku0608/ros2_ws/install/my_robot_description/bin'
[1.989s] Level 1:colcon.colcon_core.environment:checking '/home/kaku0608/ros2_ws/install/my_robot_description/lib/pkgconfig/my_robot_description.pc'
[1.989s] Level 1:colcon.colcon_core.environment:checking '/home/kaku0608/ros2_ws/install/my_robot_description/lib/python3.10/site-packages'
[1.990s] Level 1:colcon.colcon_core.environment:checking '/home/kaku0608/ros2_ws/install/my_robot_description/bin'
[2.014s] INFO:colcon.colcon_core.shell:Creating package script '/home/kaku0608/ros2_ws/install/my_robot_description/share/my_robot_description/package.ps1'
[2.014s] INFO:colcon.colcon_core.shell:Creating package descriptor '/home/kaku0608/ros2_ws/install/my_robot_description/share/my_robot_description/package.dsv'
[2.015s] INFO:colcon.colcon_core.shell:Creating package script '/home/kaku0608/ros2_ws/install/my_robot_description/share/my_robot_description/package.sh'
[2.015s] INFO:colcon.colcon_core.shell:Creating package script '/home/kaku0608/ros2_ws/install/my_robot_description/share/my_robot_description/package.bash'
[2.016s] INFO:colcon.colcon_core.shell:Creating package script '/home/kaku0608/ros2_ws/install/my_robot_description/share/my_robot_description/package.zsh'
[2.016s] Level 1:colcon.colcon_core.environment:create_file_with_runtime_dependencies(/home/kaku0608/ros2_ws/install/my_robot_description/share/colcon-core/packages/my_robot_description)
[2.017s] INFO:colcon.colcon_ros.task.ament_cmake.build:Building ROS package in '/home/kaku0608/ros2_ws/src/my_robot_bringup' with build type 'ament_cmake'
[2.017s] INFO:colcon.colcon_cmake.task.cmake.build:Building CMake package in '/home/kaku0608/ros2_ws/src/my_robot_bringup'
[2.033s] INFO:colcon.colcon_core.shell:Skip shell extension 'powershell' for command environment: Not usable outside of PowerShell
[2.033s] DEBUG:colcon.colcon_core.shell:Skip shell extension 'dsv' for command environment
[2.113s] DEBUG:colcon.colcon_core.event_handler.log_command:Invoking command in '/home/kaku0608/ros2_ws/build/my_robot_bringup': CMAKE_PREFIX_PATH=/home/kaku0608/ros2_ws/install/my_robot_description:/home/kaku0608/ros2_ws/install/my_robot_bringup:/home/kaku0608/ros2_t/install/my_robot_bringup:/home/kaku0608/ros2_t/install/my_cpp_pkg:/home/kaku0608/ros2_t/install/my_robot_interfaces:/home/kaku0608/ros2_t/install/turtle_py:/home/kaku0608/ros2_t/install/turtle:/home/kaku0608/ros2_t/install/my_py_pkg:/opt/ros/humble /usr/bin/cmake --build /home/kaku0608/ros2_ws/build/my_robot_bringup -- -j3 -l3
[2.774s] DEBUG:colcon.colcon_core.event_handler.log_command:Invoked command in '/home/kaku0608/ros2_ws/build/my_robot_bringup' returned '0': CMAKE_PREFIX_PATH=/home/kaku0608/ros2_ws/install/my_robot_description:/home/kaku0608/ros2_ws/install/my_robot_bringup:/home/kaku0608/ros2_t/install/my_robot_bringup:/home/kaku0608/ros2_t/install/my_cpp_pkg:/home/kaku0608/ros2_t/install/my_robot_interfaces:/home/kaku0608/ros2_t/install/turtle_py:/home/kaku0608/ros2_t/install/turtle:/home/kaku0608/ros2_t/install/my_py_pkg:/opt/ros/humble /usr/bin/cmake --build /home/kaku0608/ros2_ws/build/my_robot_bringup -- -j3 -l3
[2.808s] DEBUG:colcon.colcon_core.event_handler.log_command:Invoking command in '/home/kaku0608/ros2_ws/build/my_robot_bringup': CMAKE_PREFIX_PATH=/home/kaku0608/ros2_ws/install/my_robot_description:/home/kaku0608/ros2_ws/install/my_robot_bringup:/home/kaku0608/ros2_t/install/my_robot_bringup:/home/kaku0608/ros2_t/install/my_cpp_pkg:/home/kaku0608/ros2_t/install/my_robot_interfaces:/home/kaku0608/ros2_t/install/turtle_py:/home/kaku0608/ros2_t/install/turtle:/home/kaku0608/ros2_t/install/my_py_pkg:/opt/ros/humble /usr/bin/cmake --install /home/kaku0608/ros2_ws/build/my_robot_bringup
[2.848s] Level 1:colcon.colcon_core.environment:create_environment_scripts_only(my_robot_bringup)
[2.852s] DEBUG:colcon.colcon_core.event_handler.log_command:Invoked command in '/home/kaku0608/ros2_ws/build/my_robot_bringup' returned '0': CMAKE_PREFIX_PATH=/home/kaku0608/ros2_ws/install/my_robot_description:/home/kaku0608/ros2_ws/install/my_robot_bringup:/home/kaku0608/ros2_t/install/my_robot_bringup:/home/kaku0608/ros2_t/install/my_cpp_pkg:/home/kaku0608/ros2_t/install/my_robot_interfaces:/home/kaku0608/ros2_t/install/turtle_py:/home/kaku0608/ros2_t/install/turtle:/home/kaku0608/ros2_t/install/my_py_pkg:/opt/ros/humble /usr/bin/cmake --install /home/kaku0608/ros2_ws/build/my_robot_bringup
[2.865s] Level 1:colcon.colcon_core.environment:checking '/home/kaku0608/ros2_ws/install/my_robot_bringup' for CMake module files
[2.866s] Level 1:colcon.colcon_core.environment:checking '/home/kaku0608/ros2_ws/install/my_robot_bringup' for CMake config files
[2.866s] Level 1:colcon.colcon_core.shell:create_environment_hook('my_robot_bringup', 'cmake_prefix_path')
[2.887s] INFO:colcon.colcon_core.shell:Creating environment hook '/home/kaku0608/ros2_ws/install/my_robot_bringup/share/my_robot_bringup/hook/cmake_prefix_path.ps1'
[2.888s] INFO:colcon.colcon_core.shell:Creating environment descriptor '/home/kaku0608/ros2_ws/install/my_robot_bringup/share/my_robot_bringup/hook/cmake_prefix_path.dsv'
[2.890s] INFO:colcon.colcon_core.shell:Creating environment hook '/home/kaku0608/ros2_ws/install/my_robot_bringup/share/my_robot_bringup/hook/cmake_prefix_path.sh'
[2.891s] Level 1:colcon.colcon_core.environment:checking '/home/kaku0608/ros2_ws/install/my_robot_bringup/bin'
[2.891s] Level 1:colcon.colcon_core.environment:checking '/home/kaku0608/ros2_ws/install/my_robot_bringup/lib/pkgconfig/my_robot_bringup.pc'
[2.892s] Level 1:colcon.colcon_core.environment:checking '/home/kaku0608/ros2_ws/install/my_robot_bringup/lib/python3.10/site-packages'
[2.892s] Level 1:colcon.colcon_core.environment:checking '/home/kaku0608/ros2_ws/install/my_robot_bringup/bin'
[2.907s] INFO:colcon.colcon_core.shell:Creating package script '/home/kaku0608/ros2_ws/install/my_robot_bringup/share/my_robot_bringup/package.ps1'
[2.908s] INFO:colcon.colcon_core.shell:Creating package descriptor '/home/kaku0608/ros2_ws/install/my_robot_bringup/share/my_robot_bringup/package.dsv'
[2.909s] INFO:colcon.colcon_core.shell:Creating package script '/home/kaku0608/ros2_ws/install/my_robot_bringup/share/my_robot_bringup/package.sh'
[2.909s] INFO:colcon.colcon_core.shell:Creating package script '/home/kaku0608/ros2_ws/install/my_robot_bringup/share/my_robot_bringup/package.bash'
[2.910s] INFO:colcon.colcon_core.shell:Creating package script '/home/kaku0608/ros2_ws/install/my_robot_bringup/share/my_robot_bringup/package.zsh'
[2.910s] Level 1:colcon.colcon_core.environment:create_file_with_runtime_dependencies(/home/kaku0608/ros2_ws/install/my_robot_bringup/share/colcon-core/packages/my_robot_bringup)
[2.954s] Level 1:colcon.colcon_core.environment:create_environment_scripts_only(my_robot_bringup)
[2.974s] Level 1:colcon.colcon_core.environment:checking '/home/kaku0608/ros2_ws/install/my_robot_bringup' for CMake module files
[2.974s] Level 1:colcon.colcon_core.environment:checking '/home/kaku0608/ros2_ws/install/my_robot_bringup' for CMake config files
[2.975s] Level 1:colcon.colcon_core.shell:create_environment_hook('my_robot_bringup', 'cmake_prefix_path')
[2.989s] INFO:colcon.colcon_core.shell:Creating environment hook '/home/kaku0608/ros2_ws/install/my_robot_bringup/share/my_robot_bringup/hook/cmake_prefix_path.ps1'
[2.990s] INFO:colcon.colcon_core.shell:Creating environment descriptor '/home/kaku0608/ros2_ws/install/my_robot_bringup/share/my_robot_bringup/hook/cmake_prefix_path.dsv'
[2.991s] INFO:colcon.colcon_core.shell:Creating environment hook '/home/kaku0608/ros2_ws/install/my_robot_bringup/share/my_robot_bringup/hook/cmake_prefix_path.sh'
[2.992s] Level 1:colcon.colcon_core.environment:checking '/home/kaku0608/ros2_ws/install/my_robot_bringup/bin'
[2.992s] Level 1:colcon.colcon_core.environment:checking '/home/kaku0608/ros2_ws/install/my_robot_bringup/lib/pkgconfig/my_robot_bringup.pc'
[2.992s] Level 1:colcon.colcon_core.environment:checking '/home/kaku0608/ros2_ws/install/my_robot_bringup/lib/python3.10/site-packages'
[2.992s] Level 1:colcon.colcon_core.environment:checking '/home/kaku0608/ros2_ws/install/my_robot_bringup/bin'
[3.010s] INFO:colcon.colcon_core.shell:Creating package script '/home/kaku0608/ros2_ws/install/my_robot_bringup/share/my_robot_bringup/package.ps1'
[3.010s] INFO:colcon.colcon_core.shell:Creating package descriptor '/home/kaku0608/ros2_ws/install/my_robot_bringup/share/my_robot_bringup/package.dsv'
[3.011s] INFO:colcon.colcon_core.shell:Creating package script '/home/kaku0608/ros2_ws/install/my_robot_bringup/share/my_robot_bringup/package.sh'
[3.011s] INFO:colcon.colcon_core.shell:Creating package script '/home/kaku0608/ros2_ws/install/my_robot_bringup/share/my_robot_bringup/package.bash'
[3.011s] INFO:colcon.colcon_core.shell:Creating package script '/home/kaku0608/ros2_ws/install/my_robot_bringup/share/my_robot_bringup/package.zsh'
[3.012s] Level 1:colcon.colcon_core.environment:create_file_with_runtime_dependencies(/home/kaku0608/ros2_ws/install/my_robot_bringup/share/colcon-core/packages/my_robot_bringup)
[3.012s] DEBUG:colcon.colcon_parallel_executor.executor.parallel:closing loop
[3.013s] DEBUG:colcon.colcon_parallel_executor.executor.parallel:loop closed
[3.013s] DEBUG:colcon.colcon_parallel_executor.executor.parallel:run_until_complete finished with '0'
[3.013s] DEBUG:colcon.colcon_core.event_reactor:joining thread
[3.034s] INFO:colcon.colcon_core.plugin_system:Skipping extension 'colcon_notification.desktop_notification.terminal_notifier': Not used on non-Darwin systems
[3.034s] INFO:colcon.colcon_core.plugin_system:Skipping extension 'colcon_notification.desktop_notification.win32': Not used on non-Windows systems
[3.034s] INFO:colcon.colcon_notification.desktop_notification:Sending desktop notification using 'notify2'
[3.058s] DEBUG:colcon.colcon_core.event_reactor:joined thread
[3.080s] INFO:colcon.colcon_core.shell:Creating prefix script '/home/kaku0608/ros2_ws/install/local_setup.ps1'
[3.081s] INFO:colcon.colcon_core.shell:Creating prefix util module '/home/kaku0608/ros2_ws/install/_local_setup_util_ps1.py'
[3.088s] INFO:colcon.colcon_core.shell:Creating prefix chain script '/home/kaku0608/ros2_ws/install/setup.ps1'
[3.108s] INFO:colcon.colcon_core.shell:Creating prefix script '/home/kaku0608/ros2_ws/install/local_setup.sh'
[3.109s] INFO:colcon.colcon_core.shell:Creating prefix util module '/home/kaku0608/ros2_ws/install/_local_setup_util_sh.py'
[3.109s] INFO:colcon.colcon_core.shell:Creating prefix chain script '/home/kaku0608/ros2_ws/install/setup.sh'
[3.131s] INFO:colcon.colcon_core.shell:Creating prefix script '/home/kaku0608/ros2_ws/install/local_setup.bash'
[3.132s] INFO:colcon.colcon_core.shell:Creating prefix chain script '/home/kaku0608/ros2_ws/install/setup.bash'
[3.160s] INFO:colcon.colcon_core.shell:Creating prefix script '/home/kaku0608/ros2_ws/install/local_setup.zsh'
[3.160s] INFO:colcon.colcon_core.shell:Creating prefix chain script '/home/kaku0608/ros2_ws/install/setup.zsh'
