[0.018s] Invoking command in '/home/kaku0608/ros2_ws/build/my_robot_bringup': CMAKE_PREFIX_PATH=/home/kaku0608/ros2_ws/install/my_robot_description:/home/kaku0608/ros2_ws/install/my_robot_bringup:/home/kaku0608/ros2_t/install/my_robot_bringup:/home/kaku0608/ros2_t/install/my_cpp_pkg:/home/kaku0608/ros2_t/install/my_robot_interfaces:/home/kaku0608/ros2_t/install/turtle_py:/home/kaku0608/ros2_t/install/turtle:/home/kaku0608/ros2_t/install/my_py_pkg:/opt/ros/humble /usr/bin/cmake --build /home/kaku0608/ros2_ws/build/my_robot_bringup -- -j3 -l3
[0.130s] Invoked command in '/home/kaku0608/ros2_ws/build/my_robot_bringup' returned '0': CMAKE_PREFIX_PATH=/home/kaku0608/ros2_ws/install/my_robot_description:/home/kaku0608/ros2_ws/install/my_robot_bringup:/home/kaku0608/ros2_t/install/my_robot_bringup:/home/kaku0608/ros2_t/install/my_cpp_pkg:/home/kaku0608/ros2_t/install/my_robot_interfaces:/home/kaku0608/ros2_t/install/turtle_py:/home/kaku0608/ros2_t/install/turtle:/home/kaku0608/ros2_t/install/my_py_pkg:/opt/ros/humble /usr/bin/cmake --build /home/kaku0608/ros2_ws/build/my_robot_bringup -- -j3 -l3
[0.209s] Invoking command in '/home/kaku0608/ros2_ws/build/my_robot_bringup': CMAKE_PREFIX_PATH=/home/kaku0608/ros2_ws/install/my_robot_description:/home/kaku0608/ros2_ws/install/my_robot_bringup:/home/kaku0608/ros2_t/install/my_robot_bringup:/home/kaku0608/ros2_t/install/my_cpp_pkg:/home/kaku0608/ros2_t/install/my_robot_interfaces:/home/kaku0608/ros2_t/install/turtle_py:/home/kaku0608/ros2_t/install/turtle:/home/kaku0608/ros2_t/install/my_py_pkg:/opt/ros/humble /usr/bin/cmake --install /home/kaku0608/ros2_ws/build/my_robot_bringup
[0.233s] -- Install configuration: ""
[0.234s] -- Execute custom install script
[0.235s] -- Up-to-date symlink: /home/kaku0608/ros2_ws/install/my_robot_bringup/share/my_robot_bringup//launch/my_robot_gazebo.launch.py
[0.235s] -- Up-to-date symlink: /home/kaku0608/ros2_ws/install/my_robot_bringup/share/my_robot_bringup//launch/my_robot_gazebo.launch.xml
[0.236s] -- Up-to-date symlink: /home/kaku0608/ros2_ws/install/my_robot_bringup/share/my_robot_bringup//rviz/urdf_config.rviz
[0.236s] -- Up-to-date symlink: /home/kaku0608/ros2_ws/install/my_robot_bringup/share/my_robot_bringup//worlds/first_world.world
[0.236s] -- Up-to-date symlink: /home/kaku0608/ros2_ws/install/my_robot_bringup/share/ament_index/resource_index/package_run_dependencies/my_robot_bringup
[0.237s] -- Up-to-date symlink: /home/kaku0608/ros2_ws/install/my_robot_bringup/share/ament_index/resource_index/parent_prefix_path/my_robot_bringup
[0.237s] -- Up-to-date symlink: /home/kaku0608/ros2_ws/install/my_robot_bringup/share/my_robot_bringup/environment/ament_prefix_path.sh
[0.237s] -- Up-to-date symlink: /home/kaku0608/ros2_ws/install/my_robot_bringup/share/my_robot_bringup/environment/ament_prefix_path.dsv
[0.238s] -- Up-to-date symlink: /home/kaku0608/ros2_ws/install/my_robot_bringup/share/my_robot_bringup/environment/path.sh
[0.238s] -- Up-to-date symlink: /home/kaku0608/ros2_ws/install/my_robot_bringup/share/my_robot_bringup/environment/path.dsv
[0.238s] -- Up-to-date symlink: /home/kaku0608/ros2_ws/install/my_robot_bringup/share/my_robot_bringup/local_setup.bash
[0.238s] -- Up-to-date symlink: /home/kaku0608/ros2_ws/install/my_robot_bringup/share/my_robot_bringup/local_setup.sh
[0.238s] -- Up-to-date symlink: /home/kaku0608/ros2_ws/install/my_robot_bringup/share/my_robot_bringup/local_setup.zsh
[0.239s] -- Up-to-date symlink: /home/kaku0608/ros2_ws/install/my_robot_bringup/share/my_robot_bringup/local_setup.dsv
[0.239s] -- Symlinking: /home/kaku0608/ros2_ws/install/my_robot_bringup/share/my_robot_bringup/package.dsv
[0.261s] -- Up-to-date symlink: /home/kaku0608/ros2_ws/install/my_robot_bringup/share/ament_index/resource_index/packages/my_robot_bringup
[0.262s] -- Up-to-date symlink: /home/kaku0608/ros2_ws/install/my_robot_bringup/share/my_robot_bringup/cmake/my_robot_bringupConfig.cmake
[0.262s] -- Up-to-date symlink: /home/kaku0608/ros2_ws/install/my_robot_bringup/share/my_robot_bringup/cmake/my_robot_bringupConfig-version.cmake
[0.262s] -- Up-to-date symlink: /home/kaku0608/ros2_ws/install/my_robot_bringup/share/my_robot_bringup/package.xml
[0.271s] Invoked command in '/home/kaku0608/ros2_ws/build/my_robot_bringup' returned '0': CMAKE_PREFIX_PATH=/home/kaku0608/ros2_ws/install/my_robot_description:/home/kaku0608/ros2_ws/install/my_robot_bringup:/home/kaku0608/ros2_t/install/my_robot_bringup:/home/kaku0608/ros2_t/install/my_cpp_pkg:/home/kaku0608/ros2_t/install/my_robot_interfaces:/home/kaku0608/ros2_t/install/turtle_py:/home/kaku0608/ros2_t/install/turtle:/home/kaku0608/ros2_t/install/my_py_pkg:/opt/ros/humble /usr/bin/cmake --install /home/kaku0608/ros2_ws/build/my_robot_bringup
