[0.115s] Invoking command in '/home/kaku0608/ros2_ws/build/my_robot_description': CMAKE_PREFIX_PATH=${CMAKE_PREFIX_PATH}:/home/kaku0608/ros2_t/install/turtle_py:/home/kaku0608/ros2_t/install/turtle:/home/kaku0608/ros2_t/install/my_py_pkg:/opt/ros/humble /usr/bin/cmake --build /home/kaku0608/ros2_ws/build/my_robot_description -- -j3 -l3
[0.183s] Invoked command in '/home/kaku0608/ros2_ws/build/my_robot_description' returned '0': CMAKE_PREFIX_PATH=${CMAKE_PREFIX_PATH}:/home/kaku0608/ros2_t/install/turtle_py:/home/kaku0608/ros2_t/install/turtle:/home/kaku0608/ros2_t/install/my_py_pkg:/opt/ros/humble /usr/bin/cmake --build /home/kaku0608/ros2_ws/build/my_robot_description -- -j3 -l3
[0.227s] Invoking command in '/home/kaku0608/ros2_ws/build/my_robot_description': CMAKE_PREFIX_PATH=${CMAKE_PREFIX_PATH}:/home/kaku0608/ros2_t/install/turtle_py:/home/kaku0608/ros2_t/install/turtle:/home/kaku0608/ros2_t/install/my_py_pkg:/opt/ros/humble /usr/bin/cmake --install /home/kaku0608/ros2_ws/build/my_robot_description
[0.237s] -- Install configuration: ""
[0.238s] -- Execute custom install script
[0.239s] -- Up-to-date symlink: /home/kaku0608/ros2_ws/install/my_robot_description/share/my_robot_description//urdf/camera.xacro
[0.240s] -- Up-to-date symlink: /home/kaku0608/ros2_ws/install/my_robot_description/share/my_robot_description//urdf/common_properties.xacro
[0.241s] -- Up-to-date symlink: /home/kaku0608/ros2_ws/install/my_robot_description/share/my_robot_description//urdf/mobile_base.xacro
[0.242s] -- Up-to-date symlink: /home/kaku0608/ros2_ws/install/my_robot_description/share/my_robot_description//urdf/mobile_base_gazebo.xacro
[0.243s] -- Up-to-date symlink: /home/kaku0608/ros2_ws/install/my_robot_description/share/my_robot_description//urdf/my_robot.urdf.xacro
[0.243s] -- Up-to-date symlink: /home/kaku0608/ros2_ws/install/my_robot_description/share/my_robot_description//launch/display.launch.py
[0.244s] -- Up-to-date symlink: /home/kaku0608/ros2_ws/install/my_robot_description/share/my_robot_description//launch/display.launch.xml
[0.244s] -- Up-to-date symlink: /home/kaku0608/ros2_ws/install/my_robot_description/share/my_robot_description//rviz/urdf_config.rviz
[0.244s] -- Up-to-date symlink: /home/kaku0608/ros2_ws/install/my_robot_description/share/ament_index/resource_index/package_run_dependencies/my_robot_description
[0.245s] -- Up-to-date symlink: /home/kaku0608/ros2_ws/install/my_robot_description/share/ament_index/resource_index/parent_prefix_path/my_robot_description
[0.245s] -- Up-to-date symlink: /home/kaku0608/ros2_ws/install/my_robot_description/share/my_robot_description/environment/ament_prefix_path.sh
[0.245s] -- Up-to-date symlink: /home/kaku0608/ros2_ws/install/my_robot_description/share/my_robot_description/environment/ament_prefix_path.dsv
[0.246s] -- Up-to-date symlink: /home/kaku0608/ros2_ws/install/my_robot_description/share/my_robot_description/environment/path.sh
[0.246s] -- Up-to-date symlink: /home/kaku0608/ros2_ws/install/my_robot_description/share/my_robot_description/environment/path.dsv
[0.246s] -- Up-to-date symlink: /home/kaku0608/ros2_ws/install/my_robot_description/share/my_robot_description/local_setup.bash
[0.247s] -- Up-to-date symlink: /home/kaku0608/ros2_ws/install/my_robot_description/share/my_robot_description/local_setup.sh
[0.247s] -- Up-to-date symlink: /home/kaku0608/ros2_ws/install/my_robot_description/share/my_robot_description/local_setup.zsh
[0.247s] -- Up-to-date symlink: /home/kaku0608/ros2_ws/install/my_robot_description/share/my_robot_description/local_setup.dsv
[0.247s] -- Symlinking: /home/kaku0608/ros2_ws/install/my_robot_description/share/my_robot_description/package.dsv
[0.261s] -- Up-to-date symlink: /home/kaku0608/ros2_ws/install/my_robot_description/share/ament_index/resource_index/packages/my_robot_description
[0.261s] -- Up-to-date symlink: /home/kaku0608/ros2_ws/install/my_robot_description/share/my_robot_description/cmake/my_robot_descriptionConfig.cmake
[0.261s] -- Up-to-date symlink: /home/kaku0608/ros2_ws/install/my_robot_description/share/my_robot_description/cmake/my_robot_descriptionConfig-version.cmake
[0.261s] -- Up-to-date symlink: /home/kaku0608/ros2_ws/install/my_robot_description/share/my_robot_description/package.xml
[0.264s] Invoked command in '/home/kaku0608/ros2_ws/build/my_robot_description' returned '0': CMAKE_PREFIX_PATH=${CMAKE_PREFIX_PATH}:/home/kaku0608/ros2_t/install/turtle_py:/home/kaku0608/ros2_t/install/turtle:/home/kaku0608/ros2_t/install/my_py_pkg:/opt/ros/humble /usr/bin/cmake --install /home/kaku0608/ros2_ws/build/my_robot_description
