[0.091s] Invoking command in '/home/kaku0608/ros2_ws/build/my_robot_description': CMAKE_PREFIX_PATH=${CMAKE_PREFIX_PATH}:/home/kaku0608/ros2_t/install/turtle_py:/home/kaku0608/ros2_t/install/turtle:/home/kaku0608/ros2_t/install/my_py_pkg:/opt/ros/humble /usr/bin/cmake --build /home/kaku0608/ros2_ws/build/my_robot_description -- -j3 -l3
[0.116s] -- Found ament_cmake: 1.3.8 (/opt/ros/humble/share/ament_cmake/cmake)
[0.294s] -- Configuring done
[0.296s] -- Generating done
[0.297s] -- Build files have been written to: /home/kaku0608/ros2_ws/build/my_robot_description
[0.318s] Invoked command in '/home/kaku0608/ros2_ws/build/my_robot_description' returned '0': CMAKE_PREFIX_PATH=${CMAKE_PREFIX_PATH}:/home/kaku0608/ros2_t/install/turtle_py:/home/kaku0608/ros2_t/install/turtle:/home/kaku0608/ros2_t/install/my_py_pkg:/opt/ros/humble /usr/bin/cmake --build /home/kaku0608/ros2_ws/build/my_robot_description -- -j3 -l3
[0.359s] Invoking command in '/home/kaku0608/ros2_ws/build/my_robot_description': CMAKE_PREFIX_PATH=${CMAKE_PREFIX_PATH}:/home/kaku0608/ros2_t/install/turtle_py:/home/kaku0608/ros2_t/install/turtle:/home/kaku0608/ros2_t/install/my_py_pkg:/opt/ros/humble /usr/bin/cmake --install /home/kaku0608/ros2_ws/build/my_robot_description
[0.367s] -- Install configuration: ""
[0.367s] -- Up-to-date: /home/kaku0608/ros2_ws/install/my_robot_description/share/my_robot_description//urdf
[0.367s] -- Up-to-date: /home/kaku0608/ros2_ws/install/my_robot_description/share/my_robot_description//urdf/my_robot.urdf
[0.367s] -- Up-to-date: /home/kaku0608/ros2_ws/install/my_robot_description/share/my_robot_description//launch
[0.367s] -- Up-to-date: /home/kaku0608/ros2_ws/install/my_robot_description/share/my_robot_description//launch/display.launch.py
[0.367s] -- Installing: /home/kaku0608/ros2_ws/install/my_robot_description/share/my_robot_description//launch/display.launch.xml
[0.367s] -- Installing: /home/kaku0608/ros2_ws/install/my_robot_description/share/my_robot_description//rviz
[0.367s] -- Installing: /home/kaku0608/ros2_ws/install/my_robot_description/share/my_robot_description//rviz/urdf_config.rviz
[0.367s] -- Up-to-date: /home/kaku0608/ros2_ws/install/my_robot_description/share/ament_index/resource_index/package_run_dependencies/my_robot_description
[0.368s] -- Installing: /home/kaku0608/ros2_ws/install/my_robot_description/share/ament_index/resource_index/parent_prefix_path/my_robot_description
[0.368s] -- Up-to-date: /home/kaku0608/ros2_ws/install/my_robot_description/share/my_robot_description/environment/ament_prefix_path.sh
[0.368s] -- Installing: /home/kaku0608/ros2_ws/install/my_robot_description/share/my_robot_description/environment/ament_prefix_path.dsv
[0.368s] -- Up-to-date: /home/kaku0608/ros2_ws/install/my_robot_description/share/my_robot_description/environment/path.sh
[0.368s] -- Installing: /home/kaku0608/ros2_ws/install/my_robot_description/share/my_robot_description/environment/path.dsv
[0.368s] -- Up-to-date: /home/kaku0608/ros2_ws/install/my_robot_description/share/my_robot_description/local_setup.bash
[0.368s] -- Up-to-date: /home/kaku0608/ros2_ws/install/my_robot_description/share/my_robot_description/local_setup.sh
[0.368s] -- Up-to-date: /home/kaku0608/ros2_ws/install/my_robot_description/share/my_robot_description/local_setup.zsh
[0.368s] -- Installing: /home/kaku0608/ros2_ws/install/my_robot_description/share/my_robot_description/local_setup.dsv
[0.368s] -- Installing: /home/kaku0608/ros2_ws/install/my_robot_description/share/my_robot_description/package.dsv
[0.368s] -- Up-to-date: /home/kaku0608/ros2_ws/install/my_robot_description/share/ament_index/resource_index/packages/my_robot_description
[0.368s] -- Up-to-date: /home/kaku0608/ros2_ws/install/my_robot_description/share/my_robot_description/cmake/my_robot_descriptionConfig.cmake
[0.368s] -- Up-to-date: /home/kaku0608/ros2_ws/install/my_robot_description/share/my_robot_description/cmake/my_robot_descriptionConfig-version.cmake
[0.368s] -- Up-to-date: /home/kaku0608/ros2_ws/install/my_robot_description/share/my_robot_description/package.xml
[0.373s] Invoked command in '/home/kaku0608/ros2_ws/build/my_robot_description' returned '0': CMAKE_PREFIX_PATH=${CMAKE_PREFIX_PATH}:/home/kaku0608/ros2_t/install/turtle_py:/home/kaku0608/ros2_t/install/turtle:/home/kaku0608/ros2_t/install/my_py_pkg:/opt/ros/humble /usr/bin/cmake --install /home/kaku0608/ros2_ws/build/my_robot_description
