[0.878s] DEBUG:colcon:Command line arguments: ['/usr/bin/colcon', 'build']
[0.879s] DEBUG:colcon:Parsed command line arguments: Namespace(log_base=None, log_level=None, verb_name='build', build_base='build', install_base='install', merge_install=False, symlink_install=False, test_result_base=None, continue_on_error=False, executor='parallel', parallel_workers=3, event_handlers=None, ignore_user_meta=False, metas=['./colcon.meta'], base_paths=['.'], packages_ignore=None, packages_ignore_regex=None, paths=None, packages_up_to=None, packages_up_to_regex=None, packages_above=None, packages_above_and_dependencies=None, packages_above_depth=None, packages_select_by_dep=None, packages_skip_by_dep=None, packages_skip_up_to=None, packages_select_build_failed=False, packages_skip_build_finished=False, packages_select_test_failures=False, packages_skip_test_passed=False, packages_select=None, packages_skip=None, packages_select_regex=None, packages_skip_regex=None, packages_start=None, packages_end=None, allow_overriding=[], cmake_args=None, cmake_target=None, cmake_target_skip_unavailable=False, cmake_clean_cache=False, cmake_clean_first=False, cmake_force_configure=False, ament_cmake_args=None, catkin_cmake_args=None, catkin_skip_building_tests=False, verb_parser=<colcon_defaults.argument_parser.defaults.DefaultArgumentsDecorator object at 0x762567737b80>, verb_extension=<colcon_core.verb.build.BuildVerb object at 0x7625677368c0>, main=<bound method BuildVerb.main of <colcon_core.verb.build.BuildVerb object at 0x7625677368c0>>)
[0.934s] Level 1:colcon.colcon_core.package_discovery:discover_packages(colcon_meta) check parameters
[0.934s] Level 1:colcon.colcon_core.package_discovery:discover_packages(recursive) check parameters
[0.935s] Level 1:colcon.colcon_core.package_discovery:discover_packages(ignore) check parameters
[0.935s] Level 1:colcon.colcon_core.package_discovery:discover_packages(path) check parameters
[0.935s] Level 1:colcon.colcon_core.package_discovery:discover_packages(colcon_meta) discover
[0.935s] Level 1:colcon.colcon_core.package_discovery:discover_packages(recursive) discover
[0.935s] INFO:colcon.colcon_core.package_discovery:Crawling recursively for packages in '/home/kaku0608/ros2_ws'
[0.935s] Level 1:colcon.colcon_core.package_identification:_identify(.) by extensions ['ignore', 'ignore_ament_install']
[0.935s] Level 1:colcon.colcon_core.package_identification:_identify(.) by extension 'ignore'
[0.935s] Level 1:colcon.colcon_core.package_identification:_identify(.) by extension 'ignore_ament_install'
[0.935s] Level 1:colcon.colcon_core.package_identification:_identify(.) by extensions ['colcon_pkg']
[0.935s] Level 1:colcon.colcon_core.package_identification:_identify(.) by extension 'colcon_pkg'
[0.935s] Level 1:colcon.colcon_core.package_identification:_identify(.) by extensions ['colcon_meta']
[0.935s] Level 1:colcon.colcon_core.package_identification:_identify(.) by extension 'colcon_meta'
[0.935s] Level 1:colcon.colcon_core.package_identification:_identify(.) by extensions ['ros']
[0.935s] Level 1:colcon.colcon_core.package_identification:_identify(.) by extension 'ros'
[0.955s] Level 1:colcon.colcon_core.package_identification:_identify(.) by extensions ['cmake', 'python']
[0.955s] Level 1:colcon.colcon_core.package_identification:_identify(.) by extension 'cmake'
[0.955s] Level 1:colcon.colcon_core.package_identification:_identify(.) by extension 'python'
[0.955s] Level 1:colcon.colcon_core.package_identification:_identify(.) by extensions ['python_setup_py']
[0.955s] Level 1:colcon.colcon_core.package_identification:_identify(.) by extension 'python_setup_py'
[0.955s] Level 1:colcon.colcon_core.package_identification:_identify(build) by extensions ['ignore', 'ignore_ament_install']
[0.955s] Level 1:colcon.colcon_core.package_identification:_identify(build) by extension 'ignore'
[0.955s] Level 1:colcon.colcon_core.package_identification:_identify(build) ignored
[0.955s] Level 1:colcon.colcon_core.package_identification:_identify(install) by extensions ['ignore', 'ignore_ament_install']
[0.955s] Level 1:colcon.colcon_core.package_identification:_identify(install) by extension 'ignore'
[0.955s] Level 1:colcon.colcon_core.package_identification:_identify(install) ignored
[0.956s] Level 1:colcon.colcon_core.package_identification:_identify(log) by extensions ['ignore', 'ignore_ament_install']
[0.956s] Level 1:colcon.colcon_core.package_identification:_identify(log) by extension 'ignore'
[0.956s] Level 1:colcon.colcon_core.package_identification:_identify(log) ignored
[0.956s] Level 1:colcon.colcon_core.package_identification:_identify(src) by extensions ['ignore', 'ignore_ament_install']
[0.956s] Level 1:colcon.colcon_core.package_identification:_identify(src) by extension 'ignore'
[0.956s] Level 1:colcon.colcon_core.package_identification:_identify(src) by extension 'ignore_ament_install'
[0.956s] Level 1:colcon.colcon_core.package_identification:_identify(src) by extensions ['colcon_pkg']
[0.956s] Level 1:colcon.colcon_core.package_identification:_identify(src) by extension 'colcon_pkg'
[0.956s] Level 1:colcon.colcon_core.package_identification:_identify(src) by extensions ['colcon_meta']
[0.956s] Level 1:colcon.colcon_core.package_identification:_identify(src) by extension 'colcon_meta'
[0.956s] Level 1:colcon.colcon_core.package_identification:_identify(src) by extensions ['ros']
[0.956s] Level 1:colcon.colcon_core.package_identification:_identify(src) by extension 'ros'
[0.956s] Level 1:colcon.colcon_core.package_identification:_identify(src) by extensions ['cmake', 'python']
[0.956s] Level 1:colcon.colcon_core.package_identification:_identify(src) by extension 'cmake'
[0.956s] Level 1:colcon.colcon_core.package_identification:_identify(src) by extension 'python'
[0.956s] Level 1:colcon.colcon_core.package_identification:_identify(src) by extensions ['python_setup_py']
[0.956s] Level 1:colcon.colcon_core.package_identification:_identify(src) by extension 'python_setup_py'
[0.956s] Level 1:colcon.colcon_core.package_identification:_identify(src/my_robot_description) by extensions ['ignore', 'ignore_ament_install']
[0.956s] Level 1:colcon.colcon_core.package_identification:_identify(src/my_robot_description) by extension 'ignore'
[0.957s] Level 1:colcon.colcon_core.package_identification:_identify(src/my_robot_description) by extension 'ignore_ament_install'
[0.957s] Level 1:colcon.colcon_core.package_identification:_identify(src/my_robot_description) by extensions ['colcon_pkg']
[0.957s] Level 1:colcon.colcon_core.package_identification:_identify(src/my_robot_description) by extension 'colcon_pkg'
[0.957s] Level 1:colcon.colcon_core.package_identification:_identify(src/my_robot_description) by extensions ['colcon_meta']
[0.957s] Level 1:colcon.colcon_core.package_identification:_identify(src/my_robot_description) by extension 'colcon_meta'
[0.957s] Level 1:colcon.colcon_core.package_identification:_identify(src/my_robot_description) by extensions ['ros']
[0.957s] Level 1:colcon.colcon_core.package_identification:_identify(src/my_robot_description) by extension 'ros'
[0.959s] DEBUG:colcon.colcon_core.package_identification:Package 'src/my_robot_description' with type 'ros.ament_cmake' and name 'my_robot_description'
[0.960s] Level 1:colcon.colcon_core.package_discovery:discover_packages(recursive) using defaults
[0.960s] Level 1:colcon.colcon_core.package_discovery:discover_packages(ignore) discover
[0.960s] Level 1:colcon.colcon_core.package_discovery:discover_packages(ignore) using defaults
[0.960s] Level 1:colcon.colcon_core.package_discovery:discover_packages(path) discover
[0.960s] Level 1:colcon.colcon_core.package_discovery:discover_packages(path) using defaults
[1.039s] Level 1:colcon.colcon_core.package_discovery:discover_packages(prefix_path) check parameters
[1.040s] Level 1:colcon.colcon_core.package_discovery:discover_packages(prefix_path) discover
[1.070s] DEBUG:colcon.colcon_installed_package_information.package_discovery:Found 1 installed packages in /home/kaku0608/ros2_ws/install
[1.084s] DEBUG:colcon.colcon_installed_package_information.package_discovery:Found 6 installed packages in /home/kaku0608/ros2_t/install
[1.100s] DEBUG:colcon.colcon_installed_package_information.package_discovery:Found 328 installed packages in /opt/ros/humble
[1.102s] Level 1:colcon.colcon_core.package_discovery:discover_packages(prefix_path) using defaults
[1.225s] Level 5:colcon.colcon_core.verb:set package 'my_robot_description' build argument 'cmake_args' from command line to 'None'
[1.225s] Level 5:colcon.colcon_core.verb:set package 'my_robot_description' build argument 'cmake_target' from command line to 'None'
[1.225s] Level 5:colcon.colcon_core.verb:set package 'my_robot_description' build argument 'cmake_target_skip_unavailable' from command line to 'False'
[1.225s] Level 5:colcon.colcon_core.verb:set package 'my_robot_description' build argument 'cmake_clean_cache' from command line to 'False'
[1.225s] Level 5:colcon.colcon_core.verb:set package 'my_robot_description' build argument 'cmake_clean_first' from command line to 'False'
[1.225s] Level 5:colcon.colcon_core.verb:set package 'my_robot_description' build argument 'cmake_force_configure' from command line to 'False'
[1.225s] Level 5:colcon.colcon_core.verb:set package 'my_robot_description' build argument 'ament_cmake_args' from command line to 'None'
[1.225s] Level 5:colcon.colcon_core.verb:set package 'my_robot_description' build argument 'catkin_cmake_args' from command line to 'None'
[1.225s] Level 5:colcon.colcon_core.verb:set package 'my_robot_description' build argument 'catkin_skip_building_tests' from command line to 'False'
[1.225s] DEBUG:colcon.colcon_core.verb:Building package 'my_robot_description' with the following arguments: {'ament_cmake_args': None, 'build_base': '/home/kaku0608/ros2_ws/build/my_robot_description', 'catkin_cmake_args': None, 'catkin_skip_building_tests': False, 'cmake_args': None, 'cmake_clean_cache': False, 'cmake_clean_first': False, 'cmake_force_configure': False, 'cmake_target': None, 'cmake_target_skip_unavailable': False, 'install_base': '/home/kaku0608/ros2_ws/install/my_robot_description', 'merge_install': False, 'path': '/home/kaku0608/ros2_ws/src/my_robot_description', 'symlink_install': False, 'test_result_base': None}
[1.240s] INFO:colcon.colcon_core.executor:Executing jobs using 'parallel' executor
[1.261s] DEBUG:colcon.colcon_parallel_executor.executor.parallel:run_until_complete
[1.261s] INFO:colcon.colcon_ros.task.ament_cmake.build:Building ROS package in '/home/kaku0608/ros2_ws/src/my_robot_description' with build type 'ament_cmake'
[1.261s] INFO:colcon.colcon_cmake.task.cmake.build:Building CMake package in '/home/kaku0608/ros2_ws/src/my_robot_description'
[1.281s] INFO:colcon.colcon_core.plugin_system:Skipping extension 'colcon_core.shell.bat': Not used on non-Windows systems
[1.281s] INFO:colcon.colcon_core.shell:Skip shell extension 'powershell' for command environment: Not usable outside of PowerShell
[1.282s] DEBUG:colcon.colcon_core.shell:Skip shell extension 'dsv' for command environment
[1.373s] DEBUG:colcon.colcon_core.event_handler.log_command:Invoking command in '/home/kaku0608/ros2_ws/build/my_robot_description': CMAKE_PREFIX_PATH=${CMAKE_PREFIX_PATH}:/home/kaku0608/ros2_t/install/turtle_py:/home/kaku0608/ros2_t/install/turtle:/home/kaku0608/ros2_t/install/my_py_pkg:/opt/ros/humble /usr/bin/cmake --build /home/kaku0608/ros2_ws/build/my_robot_description -- -j3 -l3
[1.449s] DEBUG:colcon.colcon_core.event_handler.log_command:Invoked command in '/home/kaku0608/ros2_ws/build/my_robot_description' returned '0': CMAKE_PREFIX_PATH=${CMAKE_PREFIX_PATH}:/home/kaku0608/ros2_t/install/turtle_py:/home/kaku0608/ros2_t/install/turtle:/home/kaku0608/ros2_t/install/my_py_pkg:/opt/ros/humble /usr/bin/cmake --build /home/kaku0608/ros2_ws/build/my_robot_description -- -j3 -l3
[1.497s] DEBUG:colcon.colcon_core.event_handler.log_command:Invoking command in '/home/kaku0608/ros2_ws/build/my_robot_description': CMAKE_PREFIX_PATH=${CMAKE_PREFIX_PATH}:/home/kaku0608/ros2_t/install/turtle_py:/home/kaku0608/ros2_t/install/turtle:/home/kaku0608/ros2_t/install/my_py_pkg:/opt/ros/humble /usr/bin/cmake --install /home/kaku0608/ros2_ws/build/my_robot_description
[1.525s] Level 1:colcon.colcon_core.environment:create_environment_scripts_only(my_robot_description)
[1.527s] DEBUG:colcon.colcon_core.event_handler.log_command:Invoked command in '/home/kaku0608/ros2_ws/build/my_robot_description' returned '0': CMAKE_PREFIX_PATH=${CMAKE_PREFIX_PATH}:/home/kaku0608/ros2_t/install/turtle_py:/home/kaku0608/ros2_t/install/turtle:/home/kaku0608/ros2_t/install/my_py_pkg:/opt/ros/humble /usr/bin/cmake --install /home/kaku0608/ros2_ws/build/my_robot_description
[1.544s] Level 1:colcon.colcon_core.environment:checking '/home/kaku0608/ros2_ws/install/my_robot_description' for CMake module files
[1.544s] Level 1:colcon.colcon_core.environment:checking '/home/kaku0608/ros2_ws/install/my_robot_description' for CMake config files
[1.545s] Level 1:colcon.colcon_core.shell:create_environment_hook('my_robot_description', 'cmake_prefix_path')
[1.559s] INFO:colcon.colcon_core.shell:Creating environment hook '/home/kaku0608/ros2_ws/install/my_robot_description/share/my_robot_description/hook/cmake_prefix_path.ps1'
[1.561s] INFO:colcon.colcon_core.shell:Creating environment descriptor '/home/kaku0608/ros2_ws/install/my_robot_description/share/my_robot_description/hook/cmake_prefix_path.dsv'
[1.561s] INFO:colcon.colcon_core.shell:Creating environment hook '/home/kaku0608/ros2_ws/install/my_robot_description/share/my_robot_description/hook/cmake_prefix_path.sh'
[1.563s] Level 1:colcon.colcon_core.environment:checking '/home/kaku0608/ros2_ws/install/my_robot_description/bin'
[1.563s] Level 1:colcon.colcon_core.environment:checking '/home/kaku0608/ros2_ws/install/my_robot_description/lib/pkgconfig/my_robot_description.pc'
[1.563s] Level 1:colcon.colcon_core.environment:checking '/home/kaku0608/ros2_ws/install/my_robot_description/lib/python3.10/site-packages'
[1.564s] Level 1:colcon.colcon_core.environment:checking '/home/kaku0608/ros2_ws/install/my_robot_description/bin'
[1.580s] INFO:colcon.colcon_core.shell:Creating package script '/home/kaku0608/ros2_ws/install/my_robot_description/share/my_robot_description/package.ps1'
[1.581s] INFO:colcon.colcon_core.shell:Creating package descriptor '/home/kaku0608/ros2_ws/install/my_robot_description/share/my_robot_description/package.dsv'
[1.582s] INFO:colcon.colcon_core.shell:Creating package script '/home/kaku0608/ros2_ws/install/my_robot_description/share/my_robot_description/package.sh'
[1.582s] INFO:colcon.colcon_core.shell:Creating package script '/home/kaku0608/ros2_ws/install/my_robot_description/share/my_robot_description/package.bash'
[1.583s] INFO:colcon.colcon_core.shell:Creating package script '/home/kaku0608/ros2_ws/install/my_robot_description/share/my_robot_description/package.zsh'
[1.583s] Level 1:colcon.colcon_core.environment:create_file_with_runtime_dependencies(/home/kaku0608/ros2_ws/install/my_robot_description/share/colcon-core/packages/my_robot_description)
[1.637s] Level 1:colcon.colcon_core.environment:create_environment_scripts_only(my_robot_description)
[1.651s] Level 1:colcon.colcon_core.environment:checking '/home/kaku0608/ros2_ws/install/my_robot_description' for CMake module files
[1.652s] Level 1:colcon.colcon_core.environment:checking '/home/kaku0608/ros2_ws/install/my_robot_description' for CMake config files
[1.652s] Level 1:colcon.colcon_core.shell:create_environment_hook('my_robot_description', 'cmake_prefix_path')
[1.666s] INFO:colcon.colcon_core.shell:Creating environment hook '/home/kaku0608/ros2_ws/install/my_robot_description/share/my_robot_description/hook/cmake_prefix_path.ps1'
[1.666s] INFO:colcon.colcon_core.shell:Creating environment descriptor '/home/kaku0608/ros2_ws/install/my_robot_description/share/my_robot_description/hook/cmake_prefix_path.dsv'
[1.667s] INFO:colcon.colcon_core.shell:Creating environment hook '/home/kaku0608/ros2_ws/install/my_robot_description/share/my_robot_description/hook/cmake_prefix_path.sh'
[1.667s] Level 1:colcon.colcon_core.environment:checking '/home/kaku0608/ros2_ws/install/my_robot_description/bin'
[1.667s] Level 1:colcon.colcon_core.environment:checking '/home/kaku0608/ros2_ws/install/my_robot_description/lib/pkgconfig/my_robot_description.pc'
[1.667s] Level 1:colcon.colcon_core.environment:checking '/home/kaku0608/ros2_ws/install/my_robot_description/lib/python3.10/site-packages'
[1.668s] Level 1:colcon.colcon_core.environment:checking '/home/kaku0608/ros2_ws/install/my_robot_description/bin'
[1.682s] INFO:colcon.colcon_core.shell:Creating package script '/home/kaku0608/ros2_ws/install/my_robot_description/share/my_robot_description/package.ps1'
[1.683s] INFO:colcon.colcon_core.shell:Creating package descriptor '/home/kaku0608/ros2_ws/install/my_robot_description/share/my_robot_description/package.dsv'
[1.683s] INFO:colcon.colcon_core.shell:Creating package script '/home/kaku0608/ros2_ws/install/my_robot_description/share/my_robot_description/package.sh'
[1.683s] INFO:colcon.colcon_core.shell:Creating package script '/home/kaku0608/ros2_ws/install/my_robot_description/share/my_robot_description/package.bash'
[1.684s] INFO:colcon.colcon_core.shell:Creating package script '/home/kaku0608/ros2_ws/install/my_robot_description/share/my_robot_description/package.zsh'
[1.684s] Level 1:colcon.colcon_core.environment:create_file_with_runtime_dependencies(/home/kaku0608/ros2_ws/install/my_robot_description/share/colcon-core/packages/my_robot_description)
[1.685s] DEBUG:colcon.colcon_parallel_executor.executor.parallel:closing loop
[1.685s] DEBUG:colcon.colcon_parallel_executor.executor.parallel:loop closed
[1.685s] DEBUG:colcon.colcon_parallel_executor.executor.parallel:run_until_complete finished with '0'
[1.685s] DEBUG:colcon.colcon_core.event_reactor:joining thread
[1.716s] INFO:colcon.colcon_core.plugin_system:Skipping extension 'colcon_notification.desktop_notification.terminal_notifier': Not used on non-Darwin systems
[1.716s] INFO:colcon.colcon_core.plugin_system:Skipping extension 'colcon_notification.desktop_notification.win32': Not used on non-Windows systems
[1.716s] INFO:colcon.colcon_notification.desktop_notification:Sending desktop notification using 'notify2'
[1.736s] DEBUG:colcon.colcon_core.event_reactor:joined thread
[1.759s] INFO:colcon.colcon_core.shell:Creating prefix script '/home/kaku0608/ros2_ws/install/local_setup.ps1'
[1.765s] INFO:colcon.colcon_core.shell:Creating prefix util module '/home/kaku0608/ros2_ws/install/_local_setup_util_ps1.py'
[1.766s] INFO:colcon.colcon_core.shell:Creating prefix chain script '/home/kaku0608/ros2_ws/install/setup.ps1'
[1.782s] INFO:colcon.colcon_core.shell:Creating prefix script '/home/kaku0608/ros2_ws/install/local_setup.sh'
[1.782s] INFO:colcon.colcon_core.shell:Creating prefix util module '/home/kaku0608/ros2_ws/install/_local_setup_util_sh.py'
[1.783s] INFO:colcon.colcon_core.shell:Creating prefix chain script '/home/kaku0608/ros2_ws/install/setup.sh'
[1.802s] INFO:colcon.colcon_core.shell:Creating prefix script '/home/kaku0608/ros2_ws/install/local_setup.bash'
[1.802s] INFO:colcon.colcon_core.shell:Creating prefix chain script '/home/kaku0608/ros2_ws/install/setup.bash'
[1.821s] INFO:colcon.colcon_core.shell:Creating prefix script '/home/kaku0608/ros2_ws/install/local_setup.zsh'
[1.822s] INFO:colcon.colcon_core.shell:Creating prefix chain script '/home/kaku0608/ros2_ws/install/setup.zsh'
