[0.096s] Invoking command in '/home/kaku0608/ros2_ws/build/my_robot_bringup': CMAKE_PREFIX_PATH=/home/kaku0608/ros2_ws/install/my_robot_description:/home/kaku0608/ros2_ws/install/my_robot_bringup:/home/kaku0608/ros2_t/install/my_robot_bringup:/home/kaku0608/ros2_t/install/my_cpp_pkg:/home/kaku0608/ros2_t/install/my_robot_interfaces:/home/kaku0608/ros2_t/install/turtle_py:/home/kaku0608/ros2_t/install/turtle:/home/kaku0608/ros2_t/install/my_py_pkg:/opt/ros/humble /usr/bin/cmake --build /home/kaku0608/ros2_ws/build/my_robot_bringup -- -j3 -l3
[0.210s] -- Found ament_cmake: 1.3.8 (/opt/ros/humble/share/ament_cmake/cmake)
[0.484s] -- Override CMake install command with custom implementation using symlinks instead of copying resources
[0.663s] -- Configuring done
[0.710s] -- Generating done
[0.711s] -- Build files have been written to: /home/kaku0608/ros2_ws/build/my_robot_bringup
[0.757s] Invoked command in '/home/kaku0608/ros2_ws/build/my_robot_bringup' returned '0': CMAKE_PREFIX_PATH=/home/kaku0608/ros2_ws/install/my_robot_description:/home/kaku0608/ros2_ws/install/my_robot_bringup:/home/kaku0608/ros2_t/install/my_robot_bringup:/home/kaku0608/ros2_t/install/my_cpp_pkg:/home/kaku0608/ros2_t/install/my_robot_interfaces:/home/kaku0608/ros2_t/install/turtle_py:/home/kaku0608/ros2_t/install/turtle:/home/kaku0608/ros2_t/install/my_py_pkg:/opt/ros/humble /usr/bin/cmake --build /home/kaku0608/ros2_ws/build/my_robot_bringup -- -j3 -l3
[0.791s] Invoking command in '/home/kaku0608/ros2_ws/build/my_robot_bringup': CMAKE_PREFIX_PATH=/home/kaku0608/ros2_ws/install/my_robot_description:/home/kaku0608/ros2_ws/install/my_robot_bringup:/home/kaku0608/ros2_t/install/my_robot_bringup:/home/kaku0608/ros2_t/install/my_cpp_pkg:/home/kaku0608/ros2_t/install/my_robot_interfaces:/home/kaku0608/ros2_t/install/turtle_py:/home/kaku0608/ros2_t/install/turtle:/home/kaku0608/ros2_t/install/my_py_pkg:/opt/ros/humble /usr/bin/cmake --install /home/kaku0608/ros2_ws/build/my_robot_bringup
[0.801s] -- Install configuration: ""
[0.801s] -- Execute custom install script
[0.801s] -- Up-to-date symlink: /home/kaku0608/ros2_ws/install/my_robot_bringup/share/my_robot_bringup//launch/my_robot_gazebo.launch.xml
[0.802s] -- Up-to-date symlink: /home/kaku0608/ros2_ws/install/my_robot_bringup/share/my_robot_bringup//rviz/urdf_config.rviz
[0.802s] -- Symlinking: /home/kaku0608/ros2_ws/install/my_robot_bringup/share/my_robot_bringup//worlds/first_world.world
[0.815s] -- Up-to-date symlink: /home/kaku0608/ros2_ws/install/my_robot_bringup/share/ament_index/resource_index/package_run_dependencies/my_robot_bringup
[0.816s] -- Up-to-date symlink: /home/kaku0608/ros2_ws/install/my_robot_bringup/share/ament_index/resource_index/parent_prefix_path/my_robot_bringup
[0.816s] -- Up-to-date symlink: /home/kaku0608/ros2_ws/install/my_robot_bringup/share/my_robot_bringup/environment/ament_prefix_path.sh
[0.816s] -- Up-to-date symlink: /home/kaku0608/ros2_ws/install/my_robot_bringup/share/my_robot_bringup/environment/ament_prefix_path.dsv
[0.816s] -- Up-to-date symlink: /home/kaku0608/ros2_ws/install/my_robot_bringup/share/my_robot_bringup/environment/path.sh
[0.816s] -- Up-to-date symlink: /home/kaku0608/ros2_ws/install/my_robot_bringup/share/my_robot_bringup/environment/path.dsv
[0.816s] -- Up-to-date symlink: /home/kaku0608/ros2_ws/install/my_robot_bringup/share/my_robot_bringup/local_setup.bash
[0.816s] -- Up-to-date symlink: /home/kaku0608/ros2_ws/install/my_robot_bringup/share/my_robot_bringup/local_setup.sh
[0.816s] -- Up-to-date symlink: /home/kaku0608/ros2_ws/install/my_robot_bringup/share/my_robot_bringup/local_setup.zsh
[0.817s] -- Up-to-date symlink: /home/kaku0608/ros2_ws/install/my_robot_bringup/share/my_robot_bringup/local_setup.dsv
[0.817s] -- Symlinking: /home/kaku0608/ros2_ws/install/my_robot_bringup/share/my_robot_bringup/package.dsv
[0.828s] -- Up-to-date symlink: /home/kaku0608/ros2_ws/install/my_robot_bringup/share/ament_index/resource_index/packages/my_robot_bringup
[0.828s] -- Up-to-date symlink: /home/kaku0608/ros2_ws/install/my_robot_bringup/share/my_robot_bringup/cmake/my_robot_bringupConfig.cmake
[0.828s] -- Up-to-date symlink: /home/kaku0608/ros2_ws/install/my_robot_bringup/share/my_robot_bringup/cmake/my_robot_bringupConfig-version.cmake
[0.828s] -- Up-to-date symlink: /home/kaku0608/ros2_ws/install/my_robot_bringup/share/my_robot_bringup/package.xml
[0.835s] Invoked command in '/home/kaku0608/ros2_ws/build/my_robot_bringup' returned '0': CMAKE_PREFIX_PATH=/home/kaku0608/ros2_ws/install/my_robot_description:/home/kaku0608/ros2_ws/install/my_robot_bringup:/home/kaku0608/ros2_t/install/my_robot_bringup:/home/kaku0608/ros2_t/install/my_cpp_pkg:/home/kaku0608/ros2_t/install/my_robot_interfaces:/home/kaku0608/ros2_t/install/turtle_py:/home/kaku0608/ros2_t/install/turtle:/home/kaku0608/ros2_t/install/my_py_pkg:/opt/ros/humble /usr/bin/cmake --install /home/kaku0608/ros2_ws/build/my_robot_bringup
